This is pdfTeX, Version 3.1415926-2.5-1.40.14 (MiKTeX 2.9) (preloaded format=pdflatex 2014.4.1)  25 FEB 2016 15:14
entering extended mode
**These.tex
("\\AIEDISK\AI Environnement\PROJETS\25 R&D\Manuscrit de these\These.tex"
LaTeX2e <2011/06/27>
Babel <v3.8m> and hyphenation patterns for english, afrikaans, ancientgreek, ar
abic, armenian, assamese, basque, bengali, bokmal, bulgarian, catalan, coptic, 
croatian, czech, danish, dutch, esperanto, estonian, farsi, finnish, french, ga
lician, german, german-x-2013-05-26, greek, gujarati, hindi, hungarian, iceland
ic, indonesian, interlingua, irish, italian, kannada, kurmanji, latin, latvian,
 lithuanian, malayalam, marathi, mongolian, mongolianlmc, monogreek, ngerman, n
german-x-2013-05-26, nynorsk, oriya, panjabi, pinyin, polish, portuguese, roman
ian, russian, sanskrit, serbian, slovak, slovenian, spanish, swedish, swissgerm
an, tamil, telugu, turkish, turkmen, ukenglish, ukrainian, uppersorbian, usengl
ishmax, welsh, loaded.
("C:\Program Files (x86)\MiKTeX 2.9\tex\latex\base\report.cls"
Document Class: report 2007/10/19 v1.4h Standard LaTeX document class
("C:\Program Files (x86)\MiKTeX 2.9\tex\latex\base\size11.clo"
File: size11.clo 2007/10/19 v1.4h Standard LaTeX file (size option)
)
\c@part=\count79
\c@chapter=\count80
\c@section=\count81
\c@subsection=\count82
\c@subsubsection=\count83
\c@paragraph=\count84
\c@subparagraph=\count85
\c@figure=\count86
\c@table=\count87
\abovecaptionskip=\skip41
\belowcaptionskip=\skip42
\bibindent=\dimen102
)
("C:\Program Files (x86)\MiKTeX 2.9\tex\latex\base\inputenc.sty"
Package: inputenc 2008/03/30 v1.1d Input encoding file
\inpenc@prehook=\toks14
\inpenc@posthook=\toks15

("C:\Program Files (x86)\MiKTeX 2.9\tex\latex\base\utf8.def"
File: utf8.def 2008/04/05 v1.1m UTF-8 support for inputenc
Now handling font encoding OML ...
... no UTF-8 mapping file for font encoding OML
Now handling font encoding T1 ...
... processing UTF-8 mapping file for font encoding T1

("C:\Program Files (x86)\MiKTeX 2.9\tex\latex\base\t1enc.dfu"
File: t1enc.dfu 2008/04/05 v1.1m UTF-8 support for inputenc
   defining Unicode char U+00A1 (decimal 161)
   defining Unicode char U+00A3 (decimal 163)
   defining Unicode char U+00AB (decimal 171)
   defining Unicode char U+00BB (decimal 187)
   defining Unicode char U+00BF (decimal 191)
   defining Unicode char U+00C0 (decimal 192)
   defining Unicode char U+00C1 (decimal 193)
   defining Unicode char U+00C2 (decimal 194)
   defining Unicode char U+00C3 (decimal 195)
   defining Unicode char U+00C4 (decimal 196)
   defining Unicode char U+00C5 (decimal 197)
   defining Unicode char U+00C6 (decimal 198)
   defining Unicode char U+00C7 (decimal 199)
   defining Unicode char U+00C8 (decimal 200)
   defining Unicode char U+00C9 (decimal 201)
   defining Unicode char U+00CA (decimal 202)
   defining Unicode char U+00CB (decimal 203)
   defining Unicode char U+00CC (decimal 204)
   defining Unicode char U+00CD (decimal 205)
   defining Unicode char U+00CE (decimal 206)
   defining Unicode char U+00CF (decimal 207)
   defining Unicode char U+00D0 (decimal 208)
   defining Unicode char U+00D1 (decimal 209)
   defining Unicode char U+00D2 (decimal 210)
   defining Unicode char U+00D3 (decimal 211)
   defining Unicode char U+00D4 (decimal 212)
   defining Unicode char U+00D5 (decimal 213)
   defining Unicode char U+00D6 (decimal 214)
   defining Unicode char U+00D8 (decimal 216)
   defining Unicode char U+00D9 (decimal 217)
   defining Unicode char U+00DA (decimal 218)
   defining Unicode char U+00DB (decimal 219)
   defining Unicode char U+00DC (decimal 220)
   defining Unicode char U+00DD (decimal 221)
   defining Unicode char U+00DE (decimal 222)
   defining Unicode char U+00DF (decimal 223)
   defining Unicode char U+00E0 (decimal 224)
   defining Unicode char U+00E1 (decimal 225)
   defining Unicode char U+00E2 (decimal 226)
   defining Unicode char U+00E3 (decimal 227)
   defining Unicode char U+00E4 (decimal 228)
   defining Unicode char U+00E5 (decimal 229)
   defining Unicode char U+00E6 (decimal 230)
   defining Unicode char U+00E7 (decimal 231)
   defining Unicode char U+00E8 (decimal 232)
   defining Unicode char U+00E9 (decimal 233)
   defining Unicode char U+00EA (decimal 234)
   defining Unicode char U+00EB (decimal 235)
   defining Unicode char U+00EC (decimal 236)
   defining Unicode char U+00ED (decimal 237)
   defining Unicode char U+00EE (decimal 238)
   defining Unicode char U+00EF (decimal 239)
   defining Unicode char U+00F0 (decimal 240)
   defining Unicode char U+00F1 (decimal 241)
   defining Unicode char U+00F2 (decimal 242)
   defining Unicode char U+00F3 (decimal 243)
   defining Unicode char U+00F4 (decimal 244)
   defining Unicode char U+00F5 (decimal 245)
   defining Unicode char U+00F6 (decimal 246)
   defining Unicode char U+00F8 (decimal 248)
   defining Unicode char U+00F9 (decimal 249)
   defining Unicode char U+00FA (decimal 250)
   defining Unicode char U+00FB (decimal 251)
   defining Unicode char U+00FC (decimal 252)
   defining Unicode char U+00FD (decimal 253)
   defining Unicode char U+00FE (decimal 254)
   defining Unicode char U+00FF (decimal 255)
   defining Unicode char U+0102 (decimal 258)
   defining Unicode char U+0103 (decimal 259)
   defining Unicode char U+0104 (decimal 260)
   defining Unicode char U+0105 (decimal 261)
   defining Unicode char U+0106 (decimal 262)
   defining Unicode char U+0107 (decimal 263)
   defining Unicode char U+010C (decimal 268)
   defining Unicode char U+010D (decimal 269)
   defining Unicode char U+010E (decimal 270)
   defining Unicode char U+010F (decimal 271)
   defining Unicode char U+0110 (decimal 272)
   defining Unicode char U+0111 (decimal 273)
   defining Unicode char U+0118 (decimal 280)
   defining Unicode char U+0119 (decimal 281)
   defining Unicode char U+011A (decimal 282)
   defining Unicode char U+011B (decimal 283)
   defining Unicode char U+011E (decimal 286)
   defining Unicode char U+011F (decimal 287)
   defining Unicode char U+0130 (decimal 304)
   defining Unicode char U+0131 (decimal 305)
   defining Unicode char U+0132 (decimal 306)
   defining Unicode char U+0133 (decimal 307)
   defining Unicode char U+0139 (decimal 313)
   defining Unicode char U+013A (decimal 314)
   defining Unicode char U+013D (decimal 317)
   defining Unicode char U+013E (decimal 318)
   defining Unicode char U+0141 (decimal 321)
   defining Unicode char U+0142 (decimal 322)
   defining Unicode char U+0143 (decimal 323)
   defining Unicode char U+0144 (decimal 324)
   defining Unicode char U+0147 (decimal 327)
   defining Unicode char U+0148 (decimal 328)
   defining Unicode char U+014A (decimal 330)
   defining Unicode char U+014B (decimal 331)
   defining Unicode char U+0150 (decimal 336)
   defining Unicode char U+0151 (decimal 337)
   defining Unicode char U+0152 (decimal 338)
   defining Unicode char U+0153 (decimal 339)
   defining Unicode char U+0154 (decimal 340)
   defining Unicode char U+0155 (decimal 341)
   defining Unicode char U+0158 (decimal 344)
   defining Unicode char U+0159 (decimal 345)
   defining Unicode char U+015A (decimal 346)
   defining Unicode char U+015B (decimal 347)
   defining Unicode char U+015E (decimal 350)
   defining Unicode char U+015F (decimal 351)
   defining Unicode char U+0160 (decimal 352)
   defining Unicode char U+0161 (decimal 353)
   defining Unicode char U+0162 (decimal 354)
   defining Unicode char U+0163 (decimal 355)
   defining Unicode char U+0164 (decimal 356)
   defining Unicode char U+0165 (decimal 357)
   defining Unicode char U+016E (decimal 366)
   defining Unicode char U+016F (decimal 367)
   defining Unicode char U+0170 (decimal 368)
   defining Unicode char U+0171 (decimal 369)
   defining Unicode char U+0178 (decimal 376)
   defining Unicode char U+0179 (decimal 377)
   defining Unicode char U+017A (decimal 378)
   defining Unicode char U+017B (decimal 379)
   defining Unicode char U+017C (decimal 380)
   defining Unicode char U+017D (decimal 381)
   defining Unicode char U+017E (decimal 382)
   defining Unicode char U+200C (decimal 8204)
   defining Unicode char U+2013 (decimal 8211)
   defining Unicode char U+2014 (decimal 8212)
   defining Unicode char U+2018 (decimal 8216)
   defining Unicode char U+2019 (decimal 8217)
   defining Unicode char U+201A (decimal 8218)
   defining Unicode char U+201C (decimal 8220)
   defining Unicode char U+201D (decimal 8221)
   defining Unicode char U+201E (decimal 8222)
   defining Unicode char U+2030 (decimal 8240)
   defining Unicode char U+2031 (decimal 8241)
   defining Unicode char U+2039 (decimal 8249)
   defining Unicode char U+203A (decimal 8250)
   defining Unicode char U+2423 (decimal 9251)
)
Now handling font encoding OT1 ...
... processing UTF-8 mapping file for font encoding OT1

("C:\Program Files (x86)\MiKTeX 2.9\tex\latex\base\ot1enc.dfu"
File: ot1enc.dfu 2008/04/05 v1.1m UTF-8 support for inputenc
   defining Unicode char U+00A1 (decimal 161)
   defining Unicode char U+00A3 (decimal 163)
   defining Unicode char U+00B8 (decimal 184)
   defining Unicode char U+00BF (decimal 191)
   defining Unicode char U+00C5 (decimal 197)
   defining Unicode char U+00C6 (decimal 198)
   defining Unicode char U+00D8 (decimal 216)
   defining Unicode char U+00DF (decimal 223)
   defining Unicode char U+00E6 (decimal 230)
   defining Unicode char U+00EC (decimal 236)
   defining Unicode char U+00ED (decimal 237)
   defining Unicode char U+00EE (decimal 238)
   defining Unicode char U+00EF (decimal 239)
   defining Unicode char U+00F8 (decimal 248)
   defining Unicode char U+0131 (decimal 305)
   defining Unicode char U+0141 (decimal 321)
   defining Unicode char U+0142 (decimal 322)
   defining Unicode char U+0152 (decimal 338)
   defining Unicode char U+0153 (decimal 339)
   defining Unicode char U+2013 (decimal 8211)
   defining Unicode char U+2014 (decimal 8212)
   defining Unicode char U+2018 (decimal 8216)
   defining Unicode char U+2019 (decimal 8217)
   defining Unicode char U+201C (decimal 8220)
   defining Unicode char U+201D (decimal 8221)
)
Now handling font encoding OMS ...
... processing UTF-8 mapping file for font encoding OMS

("C:\Program Files (x86)\MiKTeX 2.9\tex\latex\base\omsenc.dfu"
File: omsenc.dfu 2008/04/05 v1.1m UTF-8 support for inputenc
   defining Unicode char U+00A7 (decimal 167)
   defining Unicode char U+00B6 (decimal 182)
   defining Unicode char U+00B7 (decimal 183)
   defining Unicode char U+2020 (decimal 8224)
   defining Unicode char U+2021 (decimal 8225)
   defining Unicode char U+2022 (decimal 8226)
)
Now handling font encoding OMX ...
... no UTF-8 mapping file for font encoding OMX
Now handling font encoding U ...
... no UTF-8 mapping file for font encoding U
   defining Unicode char U+00A9 (decimal 169)
   defining Unicode char U+00AA (decimal 170)
   defining Unicode char U+00AE (decimal 174)
   defining Unicode char U+00BA (decimal 186)
   defining Unicode char U+02C6 (decimal 710)
   defining Unicode char U+02DC (decimal 732)
   defining Unicode char U+200C (decimal 8204)
   defining Unicode char U+2026 (decimal 8230)
   defining Unicode char U+2122 (decimal 8482)
   defining Unicode char U+2423 (decimal 9251)
))
("C:\Program Files (x86)\MiKTeX 2.9\tex\latex\base\fontenc.sty"
Package: fontenc 2005/09/27 v1.99g Standard LaTeX package

("C:\Program Files (x86)\MiKTeX 2.9\tex\latex\base\t1enc.def"
File: t1enc.def 2005/09/27 v1.99g Standard LaTeX file
LaTeX Font Info:    Redeclaring font encoding T1 on input line 43.
))
("C:\Program Files (x86)\MiKTeX 2.9\tex\latex\graphics\graphicx.sty"
Package: graphicx 1999/02/16 v1.0f Enhanced LaTeX Graphics (DPC,SPQR)

("C:\Program Files (x86)\MiKTeX 2.9\tex\latex\graphics\keyval.sty"
Package: keyval 1999/03/16 v1.13 key=value parser (DPC)
\KV@toks@=\toks16
)
("C:\Program Files (x86)\MiKTeX 2.9\tex\latex\graphics\graphics.sty"
Package: graphics 2009/02/05 v1.0o Standard LaTeX Graphics (DPC,SPQR)

("C:\Program Files (x86)\MiKTeX 2.9\tex\latex\graphics\trig.sty"
Package: trig 1999/03/16 v1.09 sin cos tan (DPC)
)
("C:\Program Files (x86)\MiKTeX 2.9\tex\latex\00miktex\graphics.cfg"
File: graphics.cfg 2007/01/18 v1.5 graphics configuration of teTeX/TeXLive
)
Package graphics Info: Driver file: pdftex.def on input line 91.

("C:\Program Files (x86)\MiKTeX 2.9\tex\latex\pdftex-def\pdftex.def"
File: pdftex.def 2011/05/27 v0.06d Graphics/color for pdfTeX

("C:\Program Files (x86)\MiKTeX 2.9\tex\generic\oberdiek\infwarerr.sty"
Package: infwarerr 2010/04/08 v1.3 Providing info/warning/error messages (HO)
)
("C:\Program Files (x86)\MiKTeX 2.9\tex\generic\oberdiek\ltxcmds.sty"
Package: ltxcmds 2011/11/09 v1.22 LaTeX kernel commands for general use (HO)
)
\Gread@gobject=\count88
))
\Gin@req@height=\dimen103
\Gin@req@width=\dimen104
)
("C:\Program Files (x86)\MiKTeX 2.9\tex\latex\graphics\lscape.sty"
Package: lscape 2000/10/22 v3.01 Landscape Pages (DPC)
)
("C:\Program Files (x86)\MiKTeX 2.9\tex\latex\tools\array.sty"
Package: array 2008/09/09 v2.4c Tabular extension package (FMi)
\col@sep=\dimen105
\extrarowheight=\dimen106
\NC@list=\toks17
\extratabsurround=\skip43
\backup@length=\skip44
)
("C:\Program Files (x86)\MiKTeX 2.9\tex\latex\multirow\multirow.sty"
\bigstrutjot=\dimen107
)
("C:\Program Files (x86)\MiKTeX 2.9\tex\latex\makecell\makecell.sty"
Package: makecell 2009/08/03 V0.1e Managing of Tab Column Heads and Cells
\rotheadsize=\dimen108
\c@nlinenum=\count89
\TeXr@lab=\toks18
)
("C:\Program Files (x86)\MiKTeX 2.9\tex\latex\geometry\geometry.sty"
Package: geometry 2010/09/12 v5.6 Page Geometry

("C:\Program Files (x86)\MiKTeX 2.9\tex\generic\oberdiek\ifpdf.sty"
Package: ifpdf 2011/01/30 v2.3 Provides the ifpdf switch (HO)
Package ifpdf Info: pdfTeX in PDF mode is detected.
)
("C:\Program Files (x86)\MiKTeX 2.9\tex\generic\oberdiek\ifvtex.sty"
Package: ifvtex 2010/03/01 v1.5 Detect VTeX and its facilities (HO)
Package ifvtex Info: VTeX not detected.
)
("C:\Program Files (x86)\MiKTeX 2.9\tex\generic\ifxetex\ifxetex.sty"
Package: ifxetex 2010/09/12 v0.6 Provides ifxetex conditional
)
\Gm@cnth=\count90
\Gm@cntv=\count91
\c@Gm@tempcnt=\count92
\Gm@bindingoffset=\dimen109
\Gm@wd@mp=\dimen110
\Gm@odd@mp=\dimen111
\Gm@even@mp=\dimen112
\Gm@layoutwidth=\dimen113
\Gm@layoutheight=\dimen114
\Gm@layouthoffset=\dimen115
\Gm@layoutvoffset=\dimen116
\Gm@dimlist=\toks19

("C:\Program Files (x86)\MiKTeX 2.9\tex\latex\geometry\geometry.cfg"))
("C:\Program Files (x86)\MiKTeX 2.9\tex\latex\fancyhdr\fancyhdr.sty"
\fancy@headwidth=\skip45
\f@ncyO@elh=\skip46
\f@ncyO@erh=\skip47
\f@ncyO@olh=\skip48
\f@ncyO@orh=\skip49
\f@ncyO@elf=\skip50
\f@ncyO@erf=\skip51
\f@ncyO@olf=\skip52
\f@ncyO@orf=\skip53
)
("C:\Program Files (x86)\MiKTeX 2.9\tex\latex\float\float.sty"
Package: float 2001/11/08 v1.3d Float enhancements (AL)
\c@float@type=\count93
\float@exts=\toks20
\float@box=\box26
\@float@everytoks=\toks21
\@floatcapt=\box27
)
("C:\Program Files (x86)\MiKTeX 2.9\tex\latex\xcolor\xcolor.sty"
Package: xcolor 2007/01/21 v2.11 LaTeX color extensions (UK)

("C:\Program Files (x86)\MiKTeX 2.9\tex\latex\00miktex\color.cfg"
File: color.cfg 2007/01/18 v1.5 color configuration of teTeX/TeXLive
)
Package xcolor Info: Driver file: pdftex.def on input line 225.
Package xcolor Info: Model `cmy' substituted by `cmy0' on input line 1337.
Package xcolor Info: Model `hsb' substituted by `rgb' on input line 1341.
Package xcolor Info: Model `RGB' extended on input line 1353.
Package xcolor Info: Model `HTML' substituted by `rgb' on input line 1355.
Package xcolor Info: Model `Hsb' substituted by `hsb' on input line 1356.
Package xcolor Info: Model `tHsb' substituted by `hsb' on input line 1357.
Package xcolor Info: Model `HSB' substituted by `hsb' on input line 1358.
Package xcolor Info: Model `Gray' substituted by `gray' on input line 1359.
Package xcolor Info: Model `wave' substituted by `hsb' on input line 1360.

("C:\Program Files (x86)\MiKTeX 2.9\tex\latex\graphics\dvipsnam.def"
File: dvipsnam.def 1999/02/16 v3.0i Driver-dependant file (DPC,SPQR)
))
("C:\Program Files (x86)\MiKTeX 2.9\tex\latex\eurosym\eurosym.sty"
Package: eurosym 1998/08/06 v1.1 European currency symbol ``Euro''
\@eurobox=\box28
)
("C:\Program Files (x86)\MiKTeX 2.9\tex\latex\colortbl\colortbl.sty"
Package: colortbl 2012/02/13 v1.0a Color table columns (DPC)
\everycr=\toks22
\minrowclearance=\skip54
)
("C:\Program Files (x86)\MiKTeX 2.9\tex\generic\babel\babel.sty"
Package: babel 2008/07/08 v3.8m The Babel package

*************************************
* Local config file bblopts.cfg used
*
("C:\Program Files (x86)\MiKTeX 2.9\tex\latex\00miktex\bblopts.cfg"
File: bblopts.cfg 2006/07/31 v1.0 MiKTeX 'babel' configuration
)
("C:\Program Files (x86)\MiKTeX 2.9\tex\generic\babel\frenchb.ldf"
Language: frenchb 2009/03/16 v2.3d French support from the babel system

("C:\Program Files (x86)\MiKTeX 2.9\tex\generic\babel\babel.def"
File: babel.def 2008/07/08 v3.8m Babel common definitions
\babel@savecnt=\count94
\U@D=\dimen117
)
Package babel Info: Making : an active character on input line 120.
Package babel Info: Making ; an active character on input line 121.
Package babel Info: Making ! an active character on input line 122.
Package babel Info: Making ? an active character on input line 123.
\FB@Mht=\dimen118
\std@mcc=\count95
\dec@mcc=\count96
\parindentFFN=\dimen119

*************************************
* Local config file frenchb.cfg used
*
("C:\Program Files (x86)\MiKTeX 2.9\tex\generic\babel\frenchb.cfg")))
("C:\Program Files (x86)\MiKTeX 2.9\tex\latex\carlisle\scalefnt.sty")
("C:\Program Files (x86)\MiKTeX 2.9\tex\latex\hyperref\hyperref.sty"
Package: hyperref 2012/11/06 v6.83m Hypertext links for LaTeX

("C:\Program Files (x86)\MiKTeX 2.9\tex\generic\oberdiek\hobsub-hyperref.sty"
Package: hobsub-hyperref 2012/04/25 v1.12 Bundle oberdiek, subset hyperref (HO)


("C:\Program Files (x86)\MiKTeX 2.9\tex\generic\oberdiek\hobsub-generic.sty"
Package: hobsub-generic 2012/04/25 v1.12 Bundle oberdiek, subset generic (HO)
Package: hobsub 2012/04/25 v1.12 Construct package bundles (HO)
Package hobsub Info: Skipping package `infwarerr' (already loaded).
Package hobsub Info: Skipping package `ltxcmds' (already loaded).
Package: ifluatex 2010/03/01 v1.3 Provides the ifluatex switch (HO)
Package ifluatex Info: LuaTeX not detected.
Package hobsub Info: Skipping package `ifvtex' (already loaded).
Package: intcalc 2007/09/27 v1.1 Expandable calculations with integers (HO)
Package hobsub Info: Skipping package `ifpdf' (already loaded).
Package: etexcmds 2011/02/16 v1.5 Avoid name clashes with e-TeX commands (HO)
Package etexcmds Info: Could not find \expanded.
(etexcmds)             That can mean that you are not using pdfTeX 1.50 or
(etexcmds)             that some package has redefined \expanded.
(etexcmds)             In the latter case, load this package earlier.
Package: kvsetkeys 2012/04/25 v1.16 Key value parser (HO)
Package: kvdefinekeys 2011/04/07 v1.3 Define keys (HO)
Package: pdftexcmds 2011/11/29 v0.20 Utility functions of pdfTeX for LuaTeX (HO
)
Package pdftexcmds Info: LuaTeX not detected.
Package pdftexcmds Info: \pdf@primitive is available.
Package pdftexcmds Info: \pdf@ifprimitive is available.
Package pdftexcmds Info: \pdfdraftmode found.
Package: pdfescape 2011/11/25 v1.13 Implements pdfTeX's escape features (HO)
Package: bigintcalc 2012/04/08 v1.3 Expandable calculations on big integers (HO
)
Package: bitset 2011/01/30 v1.1 Handle bit-vector datatype (HO)
Package: uniquecounter 2011/01/30 v1.2 Provide unlimited unique counter (HO)
)
Package hobsub Info: Skipping package `hobsub' (already loaded).
Package: letltxmacro 2010/09/02 v1.4 Let assignment for LaTeX macros (HO)
Package: hopatch 2011/06/24 v1.1 Wrapper for package hooks (HO)
Package: xcolor-patch 2011/01/30 xcolor patch
Package: atveryend 2011/06/30 v1.8 Hooks at the very end of document (HO)
Package atveryend Info: \enddocument detected (standard20110627).
Package: atbegshi 2011/10/05 v1.16 At begin shipout hook (HO)
Package: refcount 2011/10/16 v3.4 Data extraction from label references (HO)
Package: hycolor 2011/01/30 v1.7 Color options for hyperref/bookmark (HO)
)
("C:\Program Files (x86)\MiKTeX 2.9\tex\latex\oberdiek\auxhook.sty"
Package: auxhook 2011/03/04 v1.3 Hooks for auxiliary files (HO)
)
("C:\Program Files (x86)\MiKTeX 2.9\tex\latex\oberdiek\kvoptions.sty"
Package: kvoptions 2011/06/30 v3.11 Key value format for package options (HO)
)
\@linkdim=\dimen120
\Hy@linkcounter=\count97
\Hy@pagecounter=\count98

("C:\Program Files (x86)\MiKTeX 2.9\tex\latex\hyperref\pd1enc.def"
File: pd1enc.def 2012/11/06 v6.83m Hyperref: PDFDocEncoding definition (HO)
Now handling font encoding PD1 ...
... no UTF-8 mapping file for font encoding PD1
)
\Hy@SavedSpaceFactor=\count99

("C:\Program Files (x86)\MiKTeX 2.9\tex\latex\00miktex\hyperref.cfg"
File: hyperref.cfg 2002/06/06 v1.2 hyperref configuration of TeXLive
)
Package hyperref Info: Hyper figures OFF on input line 4443.
Package hyperref Info: Link nesting OFF on input line 4448.
Package hyperref Info: Hyper index ON on input line 4451.
Package hyperref Info: Plain pages OFF on input line 4458.
Package hyperref Info: Backreferencing OFF on input line 4463.
Package hyperref Info: Implicit mode ON; LaTeX internals redefined.
Package hyperref Info: Bookmarks ON on input line 4688.
\c@Hy@tempcnt=\count100

("C:\Program Files (x86)\MiKTeX 2.9\tex\latex\url\url.sty"
\Urlmuskip=\muskip10
Package: url 2013/09/16  ver 3.4  Verb mode for urls, etc.
)
LaTeX Info: Redefining \url on input line 5041.
\XeTeXLinkMargin=\dimen121
\Fld@menulength=\count101
\Field@Width=\dimen122
\Fld@charsize=\dimen123
Package hyperref Info: Hyper figures OFF on input line 6295.
Package hyperref Info: Link nesting OFF on input line 6300.
Package hyperref Info: Hyper index ON on input line 6303.
Package hyperref Info: backreferencing OFF on input line 6310.
Package hyperref Info: Link coloring OFF on input line 6315.
Package hyperref Info: Link coloring with OCG OFF on input line 6320.
Package hyperref Info: PDF/A mode OFF on input line 6325.
LaTeX Info: Redefining \ref on input line 6365.
LaTeX Info: Redefining \pageref on input line 6369.
\Hy@abspage=\count102
\c@Item=\count103
\c@Hfootnote=\count104
)

Package hyperref Message: Driver (autodetected): hpdftex.

("C:\Program Files (x86)\MiKTeX 2.9\tex\latex\hyperref\hpdftex.def"
File: hpdftex.def 2012/11/06 v6.83m Hyperref driver for pdfTeX
\Fld@listcount=\count105
\c@bookmark@seq@number=\count106

("C:\Program Files (x86)\MiKTeX 2.9\tex\latex\oberdiek\rerunfilecheck.sty"
Package: rerunfilecheck 2011/04/15 v1.7 Rerun checks for auxiliary files (HO)
Package uniquecounter Info: New unique counter `rerunfilecheck' on input line 2
82.
)
\Hy@SectionHShift=\skip55
)
Package hyperref Info: Option `colorlinks' set `true' on input line 26.
Package hyperref Info: Option `breaklinks' set `true' on input line 26.

("\\AIEDISK\AI Environnement\PROJETS\25 R&D\Manuscrit de these\These.aux"
("\\AIEDISK\AI Environnement\PROJETS\25 R&D\Manuscrit de these\Introduction.aux
")
("\\AIEDISK\AI Environnement\PROJETS\25 R&D\Manuscrit de these\Conception_et_co
nstruction_des_batiments.aux")
("\\AIEDISK\AI Environnement\PROJETS\25 R&D\Manuscrit de these\Performance_ener
getique_theorique_et_reelle.aux")
("\\AIEDISK\AI Environnement\PROJETS\25 R&D\Manuscrit de these\Modelisation_du_
comportement_des_usagers.aux")
("\\AIEDISK\AI Environnement\PROJETS\25 R&D\Manuscrit de these\MASS.aux")
("\\AIEDISK\AI Environnement\PROJETS\25 R&D\Manuscrit de these\Developpement_de
_modeles.aux")
("\\AIEDISK\AI Environnement\PROJETS\25 R&D\Manuscrit de these\Analyses_de_sens
ibilite_sur_batiment_residentiel.aux")
("\\AIEDISK\AI Environnement\PROJETS\25 R&D\Manuscrit de these\Discussion.aux")
)
LaTeX Font Info:    Checking defaults for OML/cmm/m/it on input line 34.
LaTeX Font Info:    ... okay on input line 34.
LaTeX Font Info:    Checking defaults for T1/cmr/m/n on input line 34.
LaTeX Font Info:    ... okay on input line 34.
LaTeX Font Info:    Checking defaults for OT1/cmr/m/n on input line 34.
LaTeX Font Info:    ... okay on input line 34.
LaTeX Font Info:    Checking defaults for OMS/cmsy/m/n on input line 34.
LaTeX Font Info:    ... okay on input line 34.
LaTeX Font Info:    Checking defaults for OMX/cmex/m/n on input line 34.
LaTeX Font Info:    ... okay on input line 34.
LaTeX Font Info:    Checking defaults for U/cmr/m/n on input line 34.
LaTeX Font Info:    ... okay on input line 34.
LaTeX Font Info:    Checking defaults for PD1/pdf/m/n on input line 34.
LaTeX Font Info:    ... okay on input line 34.
 ("C:\Program Files (x86)\MiKTeX 2.9\tex\context\base\supp-pdf.mkii"
[Loading MPS to PDF converter (version 2006.09.02).]
\scratchcounter=\count107
\scratchdimen=\dimen124
\scratchbox=\box29
\nofMPsegments=\count108
\nofMParguments=\count109
\everyMPshowfont=\toks23
\MPscratchCnt=\count110
\MPscratchDim=\dimen125
\MPnumerator=\count111
\makeMPintoPDFobject=\count112
\everyMPtoPDFconversion=\toks24
)
*geometry* driver: auto-detecting
*geometry* detected driver: pdftex
*geometry* verbose mode - [ preamble ] result:
* driver: pdftex
* paper: <default>
* layout: <same size as paper>
* layoutoffset:(h,v)=(0.0pt,0.0pt)
* modes: twoside 
* h-part:(L,W,R)=(71.13188pt, 472.03123pt, 71.13188pt)
* v-part:(T,H,B)=(42.67912pt, 709.61174pt, 42.67912pt)
* \paperwidth=614.295pt
* \paperheight=794.96999pt
* \textwidth=472.03123pt
* \textheight=709.61174pt
* \oddsidemargin=-1.1381pt
* \evensidemargin=-1.1381pt
* \topmargin=-66.59087pt
* \headheight=12.0pt
* \headsep=25.0pt
* \topskip=11.0pt
* \footskip=30.0pt
* \marginparwidth=113.0pt
* \marginparsep=10.0pt
* \columnsep=10.0pt
* \skip\footins=10.0pt plus 4.0pt minus 2.0pt
* \hoffset=0.0pt
* \voffset=0.0pt
* \mag=1000
* \@twocolumnfalse
* \@twosidetrue
* \@mparswitchtrue
* \@reversemarginfalse
* (1in=72.27pt=25.4mm, 1cm=28.453pt)

LaTeX Info: Redefining \degres on input line 34.
LaTeX Info: Redefining \dots on input line 34.
LaTeX Info: Redefining \up on input line 34.
\AtBeginShipoutBox=\box30
Package hyperref Info: Link coloring ON on input line 34.
("C:\Program Files (x86)\MiKTeX 2.9\tex\latex\hyperref\nameref.sty"
Package: nameref 2012/10/27 v2.43 Cross-referencing by name of section

("C:\Program Files (x86)\MiKTeX 2.9\tex\generic\oberdiek\gettitlestring.sty"
Package: gettitlestring 2010/12/03 v1.4 Cleanup title references (HO)
)
\c@section@level=\count113
)
LaTeX Info: Redefining \ref on input line 34.
LaTeX Info: Redefining \pageref on input line 34.
LaTeX Info: Redefining \nameref on input line 34.

("\\AIEDISK\AI Environnement\PROJETS\25 R&D\Manuscrit de these\These.out")
("\\AIEDISK\AI Environnement\PROJETS\25 R&D\Manuscrit de these\These.out")
\@outlinefile=\write3

("\\AIEDISK\AI Environnement\PROJETS\25 R&D\Manuscrit de these\These.toc"
LaTeX Font Info:    External font `cmex10' loaded for size
(Font)              <10.95> on input line 4.
LaTeX Font Info:    External font `cmex10' loaded for size
(Font)              <8> on input line 4.
LaTeX Font Info:    External font `cmex10' loaded for size
(Font)              <6> on input line 4.

[1


{C:/ProgramData/MiKTeX/2.9/pdftex/config/pdftex.map}]
Underfull \vbox (badness 2080) has occurred while \output is active []

 [2]
LaTeX Font Info:    Try loading font information for OMS+cmr on input line 74.

("C:\Program Files (x86)\MiKTeX 2.9\tex\latex\base\omscmr.fd"
File: omscmr.fd 1999/05/25 v2.5h Standard LaTeX font definitions
)
LaTeX Font Info:    Font shape `OMS/cmr/m/n' in size <10.95> not available
(Font)              Font shape `OMS/cmsy/m/n' tried instead on input line 74.
)
\tf@toc=\write4
 [3]
("\\AIEDISK\AI Environnement\PROJETS\25 R&D\Manuscrit de these\Introduction.tex
" [4


]
LaTeX Font Info:    Try loading font information for T1+cmtt on input line 24.
 ("C:\Program Files (x86)\MiKTeX 2.9\tex\latex\base\t1cmtt.fd"
File: t1cmtt.fd 1999/05/25 v2.5h Standard LaTeX font definitions
)
LaTeX Font Info:    External font `cmex10' loaded for size
(Font)              <9> on input line 24.
LaTeX Font Info:    External font `cmex10' loaded for size
(Font)              <5> on input line 24.

Underfull \vbox (badness 10000) has occurred while \output is active []

 [5]
[6]) [7]
("\\AIEDISK\AI Environnement\PROJETS\25 R&D\Manuscrit de these\Conception_et_co
nstruction_des_batiments.tex"
Chapitre 1.
[8



]
<Images/Evolution_des_performances_des_rt.png, id=443, 379.4175pt x 301.125pt>
File: Images/Evolution_des_performances_des_rt.png Graphic file (type png)

<use Images/Evolution_des_performances_des_rt.png>
Package pdftex.def Info: Images/Evolution_des_performances_des_rt.png used on i
nput line 29.
(pdftex.def)             Requested size: 265.59042pt x 210.78606pt.
 [9 <//AIEDISK/AI Environnement/PROJETS/25 R&D/Manuscrit de these/Images/Evolut
ion_des_performances_des_rt.png>] [10] [11] [12] [13]
Underfull \vbox (badness 1924) has occurred while \output is active []

 [14]

LaTeX Warning: `h' float specifier changed to `ht'.

[15] [16]) [17] [18]
("\\AIEDISK\AI Environnement\PROJETS\25 R&D\Manuscrit de these\Performance_ener
getique_theorique_et_reelle.tex"
Chapitre 2.

Underfull \vbox (badness 10000) has occurred while \output is active []

 [19



]
Underfull \vbox (badness 4752) has occurred while \output is active []

 [20]
[21] [22]
<Images/Comportement_occupant_energie.png, id=580, 810.02625pt x 381.67593pt>
File: Images/Comportement_occupant_energie.png Graphic file (type png)

<use Images/Comportement_occupant_energie.png>
Package pdftex.def Info: Images/Comportement_occupant_energie.png used on input
 line 60.
(pdftex.def)             Requested size: 486.0195pt x 229.00732pt.

Overfull \hbox (13.98827pt too wide) in paragraph at lines 60--61
 [][] 
 []


Underfull \vbox (badness 7047) has occurred while \output is active []

 [23 <//AIEDISK/AI Environnement/PROJETS/25 R&D/Manuscrit de these/Images/Compo
rtement_occupant_energie.png>] [24]

LaTeX Warning: `h' float specifier changed to `ht'.

LaTeX Font Info:    External font `cmex10' loaded for size
(Font)              <7> on input line 126.

Overfull \hbox (4.6628pt too wide) in paragraph at lines 127--127
[]|\T1/cmr/m/n/10 Psychologique| 
 []


Overfull \hbox (9.6338pt too wide) in paragraph at lines 127--127
[]|\T1/cmr/m/n/10 Environnement
 []


Underfull \hbox (badness 2042) in paragraph at lines 127--128
[]|\T1/cmr/m/n/10 Bâtiment et
 []


Overfull \hbox (38.49036pt too wide) in paragraph at lines 129--129
[]|\T1/cmr/m/n/10 Consigne 
 []


Overfull \hbox (8.99756pt too wide) in paragraph at lines 129--129
\T1/cmr/m/n/10 de 
 []


Overfull \hbox (52.65356pt too wide) in paragraph at lines 129--129
\T1/cmr/m/n/10 température|  
 []


Underfull \hbox (badness 10000) in paragraph at lines 129--129
[]|\T1/cmr/m/n/10 Possession
 []


Underfull \hbox (badness 10000) in paragraph at lines 129--129
\T1/cmr/m/n/10 (pro-prié-
 []


Underfull \hbox (badness 10000) in paragraph at lines 129--129
\T1/cmr/m/n/10 taire, lo-
 []


Underfull \hbox (badness 10000) in paragraph at lines 129--129
\T1/cmr/m/n/10 ca-taire)
 []


Underfull \hbox (badness 10000) in paragraph at lines 129--129
[]|\T1/cmr/m/n/10 Température
 []


Underfull \hbox (badness 10000) in paragraph at lines 130--130
[]|\T1/cmr/m/n/10 Habits
 []


Underfull \hbox (badness 10000) in paragraph at lines 130--130
[]|\T1/cmr/m/n/10 Fréquence
 []


Underfull \hbox (badness 10000) in paragraph at lines 130--130
\T1/cmr/m/n/10 d'in-ter-ac-
 []


Underfull \hbox (badness 1005) in paragraph at lines 130--130
\T1/cmr/m/n/10 tion avec le
 []


Underfull \hbox (badness 10000) in paragraph at lines 130--130
\T1/cmr/m/n/10 sys-tème de
 []


Underfull \hbox (badness 10000) in paragraph at lines 130--130
[]|\T1/cmr/m/n/10 Humidité
 []


Underfull \hbox (badness 10000) in paragraph at lines 130--130
\T1/cmr/m/n/10 de l'air
 []


Underfull \hbox (badness 10000) in paragraph at lines 130--130
\T1/cmr/m/n/10 ex-té-rieure
 []


Overfull \vbox (14.4pt too high) detected at line 132
 []


Underfull \hbox (badness 10000) in paragraph at lines 132--132
[]|\T1/cmr/m/n/10 Habits
 []


Overfull \hbox (10.38362pt too wide) in paragraph at lines 132--132
[]|\T1/cmr/m/n/10 Compréhension
 []


Underfull \hbox (badness 10000) in paragraph at lines 132--132
\T1/cmr/m/n/10 de contrôle
 []


Underfull \hbox (badness 10000) in paragraph at lines 132--132
[]|\T1/cmr/m/n/10 Possession
 []


Underfull \hbox (badness 10000) in paragraph at lines 132--132
\T1/cmr/m/n/10 (pro-prié-
 []


Underfull \hbox (badness 10000) in paragraph at lines 132--132
\T1/cmr/m/n/10 taire, lo-
 []


Underfull \hbox (badness 10000) in paragraph at lines 132--132
\T1/cmr/m/n/10 ca-taire)
 []


Underfull \hbox (badness 10000) in paragraph at lines 132--132
[]|\T1/cmr/m/n/10 Température
 []


Underfull \hbox (badness 10000) in paragraph at lines 133--133
[]|\T1/cmr/m/n/10 Humidité
 []


Underfull \hbox (badness 10000) in paragraph at lines 133--133
\T1/cmr/m/n/10 de l'air
 []


Underfull \hbox (badness 10000) in paragraph at lines 133--133
\T1/cmr/m/n/10 ex-té-rieure
 []


Underfull \hbox (badness 10000) in paragraph at lines 133--134
[]|\T1/cmr/m/n/10 Type du
 []


Underfull \hbox (badness 10000) in paragraph at lines 133--134
\T1/cmr/m/n/10 sys-tème de
 []


Underfull \hbox (badness 10000) in paragraph at lines 133--134
\T1/cmr/m/n/10 chauf-fage
 []


Underfull \hbox (badness 10000) in paragraph at lines 134--134
[]|\T1/cmr/m/n/10 Ouverture
 []


Underfull \hbox (badness 4531) in paragraph at lines 134--134
\T1/cmr/m/n/10 des fe-nêtres
 []


Underfull \hbox (badness 10000) in paragraph at lines 134--134
[]|\T1/cmr/m/n/10 Intentions
 []


Underfull \hbox (badness 10000) in paragraph at lines 134--134
\T1/cmr/m/n/10 gou-ver-ne-
 []


Underfull \hbox (badness 10000) in paragraph at lines 134--134
\T1/cmr/m/n/10 men-tales
 []


Underfull \hbox (badness 10000) in paragraph at lines 134--134
[]|\T1/cmr/m/n/10 Vitesse du
 []


Underfull \hbox (badness 10000) in paragraph at lines 134--135
[]|\T1/cmr/m/n/10 Niveau de
 []


Underfull \hbox (badness 10000) in paragraph at lines 135--135
[]|\T1/cmr/m/n/10 Nombre
 []


Underfull \hbox (badness 10000) in paragraph at lines 135--135
\T1/cmr/m/n/10 de pièces
 []


Underfull \hbox (badness 10000) in paragraph at lines 135--135
[]|\T1/cmr/m/n/10 Fréquence
 []


Underfull \hbox (badness 6078) in paragraph at lines 135--135
\T1/cmr/m/n/10 des in-ter-ac-
 []


Underfull \hbox (badness 10000) in paragraph at lines 135--135
\T1/cmr/m/n/10 tions avec
 []


Underfull \hbox (badness 1590) in paragraph at lines 135--135
\T1/cmr/m/n/10 les sys-tèmes
 []


Underfull \hbox (badness 10000) in paragraph at lines 135--136
[]|\T1/cmr/m/n/10 Niveau de
 []


Underfull \hbox (badness 10000) in paragraph at lines 136--137
[]|\T1/cmr/m/n/10 Niveau de
 []


Overfull \hbox (1.68085pt too wide) in paragraph at lines 126--140
 [] 
 []


Underfull \vbox (badness 4792) has occurred while \output is active []

 [25]
Overfull \vbox (34.41649pt too high) has occurred while \output is active []


[26]
Underfull \vbox (badness 10000) has occurred while \output is active []

 [27]
[28] [29]
Underfull \vbox (badness 1603) has occurred while \output is active []

 [30]
Underfull \vbox (badness 1603) has occurred while \output is active []

 [31])
[32]
("\\AIEDISK\AI Environnement\PROJETS\25 R&D\Manuscrit de these\Modelisation_du_
comportement_des_usagers.tex"
Chapitre 3.
[33



]
Underfull \vbox (badness 10000) has occurred while \output is active []

 [34]
Underfull \vbox (badness 10000) has occurred while \output is active []

 [35]
Underfull \vbox (badness 1609) has occurred while \output is active []

 [36]
[37] [38] [39]
Underfull \hbox (badness 10000) in paragraph at lines 118--118
[]|\T1/cmr/m/n/10.95 Développement d'al-go-
 []


Underfull \hbox (badness 1231) in paragraph at lines 118--118
[]|\T1/cmr/m/n/10.95 [[]] En plus de l'as-pect
 []


Underfull \hbox (badness 7291) in paragraph at lines 119--119
[]|\T1/cmr/m/n/10.95 [[]] Les gains in-ternes
 []


Underfull \hbox (badness 10000) in paragraph at lines 119--120
[]|\T1/cmr/m/n/10.95 Flexibilité des don-nées
 []


Underfull \hbox (badness 10000) in paragraph at lines 120--120
[]|\T1/cmr/m/n/10.95 Scénarios heb-do-ma-daires
 []


Underfull \hbox (badness 3679) in paragraph at lines 120--120
\T1/cmr/m/n/10.95 por-te-ment des ha-bi-tants
 []


Underfull \hbox (badness 1221) in paragraph at lines 120--120
\T1/cmr/m/n/10.95 ti-la-tion et à l'air condi-
 []


Underfull \hbox (badness 3965) in paragraph at lines 122--122
\T1/cmr/m/n/10.95 mou-ve-ments entre zones
 []


Underfull \hbox (badness 4048) in paragraph at lines 122--123
\T1/cmr/m/n/10.95 sente. Pas d'in-ter-ac-tions
 []


Underfull \hbox (badness 10000) in paragraph at lines 123--123
[]|\T1/cmr/m/n/10.95 Utilisation de lo-gi-
 []


Underfull \hbox (badness 10000) in paragraph at lines 123--123
\T1/cmr/m/n/10.95 ciels SMA spé-cia-li-sés
 []


Underfull \hbox (badness 2922) in paragraph at lines 123--123
\T1/cmr/m/n/10.95 (BRAHMS, JADE, MA-
 []


Underfull \hbox (badness 1320) in paragraph at lines 123--123
\T1/cmr/m/n/10.95 complémentarité SMA et
 []


Underfull \hbox (badness 1577) in paragraph at lines 123--123
\T1/cmr/m/n/10.95 portes d'un bu-reau avec
 []


LaTeX Warning: Float too large for page by 109.1224pt on input line 128.

[40] [41


] <Images/diagrammes_SMA/BRAHMS.png, id=818, 949.42941pt x 481.8pt>
File: Images/diagrammes_SMA/BRAHMS.png Graphic file (type png)

<use Images/diagrammes_SMA/BRAHMS.png>
Package pdftex.def Info: Images/diagrammes_SMA/BRAHMS.png used on input line 15
8.
(pdftex.def)             Requested size: 379.76503pt x 192.71658pt.
 [42 <//AIEDISK/AI Environnement/PROJETS/25 R&D/Manuscrit de these/Images/diagr
ammes_SMA/BRAHMS.png>]
<Images/diagrammes_SMA/Repast.png, id=827, 809.1406pt x 1129.39589pt>
File: Images/diagrammes_SMA/Repast.png Graphic file (type png)

<use Images/diagrammes_SMA/Repast.png>
Package pdftex.def Info: Images/diagrammes_SMA/Repast.png used on input line 17
5.
(pdftex.def)             Requested size: 323.6505pt x 451.75035pt.

Underfull \vbox (badness 10000) has occurred while \output is active []

 [43]
Underfull \vbox (badness 1565) has occurred while \output is active []

 [44 <//AIEDISK/AI Environnement/PROJETS/25 R&D/Manuscrit de these/Images/diagr
ammes_SMA/Repast.png>]
<Images/diagrammes_SMA/NetLogo.png, id=841, 775.13118pt x 1037.28706pt>
File: Images/diagrammes_SMA/NetLogo.png Graphic file (type png)

<use Images/diagrammes_SMA/NetLogo.png>
Package pdftex.def Info: Images/diagrammes_SMA/NetLogo.png used on input line 1
88.
(pdftex.def)             Requested size: 310.04698pt x 414.90747pt.

Underfull \vbox (badness 10000) has occurred while \output is active []

 [45 <//AIEDISK/AI Environnement/PROJETS/25 R&D/Manuscrit de these/Images/diagr
ammes_SMA/NetLogo.png>]
<Images/diagrammes_SMA/OASys.png, id=852, 909.75177pt x 535.64824pt>
File: Images/diagrammes_SMA/OASys.png Graphic file (type png)

<use Images/diagrammes_SMA/OASys.png>
Package pdftex.def Info: Images/diagrammes_SMA/OASys.png used on input line 201
.
(pdftex.def)             Requested size: 363.89426pt x 214.2555pt.
 [46 <//AIEDISK/AI Environnement/PROJETS/25 R&D/Manuscrit de these/Images/diagr
ammes_SMA/OASys.png>]
<Images/diagrammes_SMA/MASS.png, id=860, 1062.79411pt x 993.35823pt>
File: Images/diagrammes_SMA/MASS.png Graphic file (type png)

<use Images/diagrammes_SMA/MASS.png>
Package pdftex.def Info: Images/diagrammes_SMA/MASS.png used on input line 214.

(pdftex.def)             Requested size: 425.1101pt x 397.33626pt.

Underfull \vbox (badness 10000) has occurred while \output is active []

 [47]
[48 <//AIEDISK/AI Environnement/PROJETS/25 R&D/Manuscrit de these/Images/diagra
mmes_SMA/MASS.png>]
Underfull \hbox (badness 3977) in paragraph at lines 238--238
[]|\T1/cmr/m/n/10.95 Reprise d'une
 []


Underfull \hbox (badness 1314) in paragraph at lines 238--238
[]|\T1/cmr/m/n/10.95 Potentiel de fi-nesse
 []


Underfull \hbox (badness 10000) in paragraph at lines 240--240
[]|\T1/cmr/m/n/10.95 Pas en-core
 []


Underfull \hbox (badness 4181) in paragraph at lines 240--241
[]|\T1/cmr/m/n/10.95 Quasi im-pos-sible :
 []


Underfull \hbox (badness 5374) in paragraph at lines 241--242
[]|\T1/cmr/m/n/10.95 Non - Ap-pli-ca-tion
 []


Underfull \hbox (badness 10000) in paragraph at lines 242--242
\T1/cmr/m/n/10.95 Andrews et al.
 []


Underfull \hbox (badness 1496) in paragraph at lines 242--242
[]|\T1/cmr/m/n/10.95 Fin - basé sur les
 []


Underfull \hbox (badness 10000) in paragraph at lines 242--243
[]|\T1/cmr/m/n/10.95 Possible - Mo-dèle
 []


Underfull \hbox (badness 10000) in paragraph at lines 242--243
\T1/cmr/m/n/10.95 com-por-te-men-tal à
 []


Underfull \hbox (badness 2856) in paragraph at lines 243--243
[]|\T1/cmr/m/n/10.95 Fin - basé sur le
 []


Underfull \hbox (badness 10000) in paragraph at lines 243--244
[]|\T1/cmr/m/n/10.95 Modèle com-por-te-
 []


Underfull \hbox (badness 3229) in paragraph at lines 244--244
\T1/cmr/m/n/10.95 Chapman et al.
 []


Underfull \hbox (badness 1127) in paragraph at lines 245--245
[]|\T1/cmr/m/n/10.95 Grossier - L'im-pos-
 []


Overfull \hbox (19.56003pt too wide) in paragraph at lines 237--248
 [] 
 []


LaTeX Warning: `h' float specifier changed to `ht'.

[49]) [50]
("\\AIEDISK\AI Environnement\PROJETS\25 R&D\Manuscrit de these\MASS.tex"
Chapitre 4.
[51



] <Images/CPP.png, id=899, 313.9228pt x 289.83281pt>
File: Images/CPP.png Graphic file (type png)
 <use Images/CPP.png>
Package pdftex.def Info: Images/CPP.png used on input line 44.
(pdftex.def)             Requested size: 251.13857pt x 231.86655pt.

[52] <Images/FMU_Pre-process.png, id=907, 401.02765pt x 418.03235pt>
File: Images/FMU_Pre-process.png Graphic file (type png)

<use Images/FMU_Pre-process.png>
Package pdftex.def Info: Images/FMU_Pre-process.png used on input line 59.
(pdftex.def)             Requested size: 160.40822pt x 167.20998pt.

Underfull \vbox (badness 10000) has occurred while \output is active []

 [53 <//AIEDISK/AI Environnement/PROJETS/25 R&D/Manuscrit de these/Images/CPP.p
ng>]
<Images/diagramOfTheCo-Simulation.png, id=915, 902.66647pt x 520.0606pt>
File: Images/diagramOfTheCo-Simulation.png Graphic file (type png)

<use Images/diagramOfTheCo-Simulation.png>
Package pdftex.def Info: Images/diagramOfTheCo-Simulation.png used on input lin
e 80.
(pdftex.def)             Requested size: 406.19615pt x 234.0251pt.

Underfull \vbox (badness 10000) has occurred while \output is active []

 [54 <//AIEDISK/AI Environnement/PROJETS/25 R&D/Manuscrit de these/Images/FMU_P
re-process.png>]) [55 <//AIEDISK/AI Environnement/PROJETS/25 R&D/Manuscrit de t
hese/Images/diagramOfTheCo-Simulation.png>]
("\\AIEDISK\AI Environnement\PROJETS\25 R&D\Manuscrit de these\Developpement_de
_modeles.tex"
Chapitre 5.

LaTeX Warning: Citation `Plessis-14' on page 56 undefined on input line 10.


Underfull \vbox (badness 10000) has occurred while \output is active []

 [56



]

LaTeX Warning: Citation `Scweiker-12' on page 57 undefined on input line 48.


Overfull \hbox (17.809pt too wide) in paragraph at lines 81--90
 [][] 
 []

[57] [58] [59] <Images/PACTEECS.png, id=954, 489.32813pt x 432.86719pt>
File: Images/PACTEECS.png Graphic file (type png)

<use Images/PACTEECS.png>
Package pdftex.def Info: Images/PACTEECS.png used on input line 167.
(pdftex.def)             Requested size: 391.46303pt x 346.2942pt.


LaTeX Warning: `h' float specifier changed to `ht'.

<Images/Foisonnement_ECS.png, id=956, 517.935pt x 292.09125pt>
File: Images/Foisonnement_ECS.png Graphic file (type png)

<use Images/Foisonnement_ECS.png>
Package pdftex.def Info: Images/Foisonnement_ECS.png used on input line 176.
(pdftex.def)             Requested size: 466.13718pt x 262.87967pt.


LaTeX Warning: `h' float specifier changed to `ht'.

) [60] [61 <//AIEDISK/AI Environnement/PROJETS/25 R&D/Manuscrit de these/Images
/PACTEECS.png> <//AIEDISK/AI Environnement/PROJETS/25 R&D/Manuscrit de these/Im
ages/Foisonnement_ECS.png>]
("\\AIEDISK\AI Environnement\PROJETS\25 R&D\Manuscrit de these\Analyses_de_sens
ibilite_sur_batiment_residentiel.tex"
Chapitre 6.
LaTeX Font Info:    Font shape `OMS/cmr/bx/n' in size <14.4> not available
(Font)              Font shape `OMS/cmsy/b/n' tried instead on input line 7.
) [62



]
("\\AIEDISK\AI Environnement\PROJETS\25 R&D\Manuscrit de these\Discussion.tex"
Chapitre 7.

Underfull \vbox (badness 2790) has occurred while \output is active []

 [63



])
[64] ("\\AIEDISK\AI Environnement\PROJETS\25 R&D\Manuscrit de these\These.bbl"
[65


] [66]

! Package inputenc Error: Unicode char \u8:ï¬ƒ not set up for use with LaTeX.

See the inputenc package documentation for explanation.
Type  H <return>  for immediate help.
 ...                                              
                                                  
l.230 ...istributed monitoring and control of oï¬ƒ
                                                  ce
Your command was ignored.
Type  I <command> <return>  to replace it with another command,
or  <return>  to continue without it.

[67])
Package atveryend Info: Empty hook `BeforeClearDocument' on input line 52.
 [68]
Package atveryend Info: Empty hook `AfterLastShipout' on input line 52.

("\\AIEDISK\AI Environnement\PROJETS\25 R&D\Manuscrit de these\These.aux"
("\\AIEDISK\AI Environnement\PROJETS\25 R&D\Manuscrit de these\Introduction.aux
")
("\\AIEDISK\AI Environnement\PROJETS\25 R&D\Manuscrit de these\Conception_et_co
nstruction_des_batiments.aux")
("\\AIEDISK\AI Environnement\PROJETS\25 R&D\Manuscrit de these\Performance_ener
getique_theorique_et_reelle.aux")
("\\AIEDISK\AI Environnement\PROJETS\25 R&D\Manuscrit de these\Modelisation_du_
comportement_des_usagers.aux")
("\\AIEDISK\AI Environnement\PROJETS\25 R&D\Manuscrit de these\MASS.aux")
("\\AIEDISK\AI Environnement\PROJETS\25 R&D\Manuscrit de these\Developpement_de
_modeles.aux")
("\\AIEDISK\AI Environnement\PROJETS\25 R&D\Manuscrit de these\Analyses_de_sens
ibilite_sur_batiment_residentiel.aux")
("\\AIEDISK\AI Environnement\PROJETS\25 R&D\Manuscrit de these\Discussion.aux")
)
Package atveryend Info: Executing hook `AtVeryEndDocument' on input line 52.
Package atveryend Info: Executing hook `AtEndAfterFileList' on input line 52.
Package rerunfilecheck Info: File `These.out' has not changed.
(rerunfilecheck)             Checksum: 483CD225BD8FE81BC1C52C49779C4AA4;5415.


LaTeX Warning: There were undefined references.


LaTeX Warning: Label(s) may have changed. Rerun to get cross-references right.

Package atveryend Info: Empty hook `AtVeryVeryEnd' on input line 52.
 ) 
Here is how much of TeX's memory you used:
 8110 strings out of 493921
 119571 string characters out of 3144880
 229031 words of memory out of 3000000
 10932 multiletter control sequences out of 15000+200000
 21205 words of font info for 47 fonts, out of 3000000 for 9000
 841 hyphenation exceptions out of 8191
 34i,12n,43p,2263b,510s stack positions out of 5000i,500n,10000p,200000b,50000s
 <C:\Users\Manu\AppData\Local\MiKTeX\2.9\fonts\pk\ljfour\jknappen\ec\dpi600\e
ctt1095.pk> <C:\Users\Manu\AppData\Local\MiKTeX\2.9\fonts\pk\ljfour\jknappen\ec
\dpi600\ecrm1000.pk> <C:\Users\Manu\AppData\Local\MiKTeX\2.9\fonts\pk\ljfour\jk
nappen\ec\dpi600\ecbi1440.pk> <C:\Users\Manu\AppData\Local\MiKTeX\2.9\fonts\pk\
ljfour\jknappen\ec\dpi600\ecbx1200.pk> <C:\Users\Manu\AppData\Local\MiKTeX\2.9\
fonts\pk\ljfour\jknappen\ec\dpi600\eccc1095.pk> <C:\Users\Manu\AppData\Local\Mi
KTeX\2.9\fonts\pk\ljfour\jknappen\ec\dpi600\ecbx2074.pk> <C:\Users\Manu\AppData
\Local\MiKTeX\2.9\fonts\pk\ljfour\jknappen\ec\dpi600\ectt0900.pk> <C:\Users\Man
u\AppData\Local\MiKTeX\2.9\fonts\pk\ljfour\jknappen\ec\dpi600\ecrm0900.pk> <C:\
Users\Manu\AppData\Local\MiKTeX\2.9\fonts\pk\ljfour\jknappen\ec\dpi600\ecrm0800
.pk> <C:\Users\Manu\AppData\Local\MiKTeX\2.9\fonts\pk\ljfour\jknappen\ec\dpi600
\ecbx1440.pk> <C:\Users\Manu\AppData\Local\MiKTeX\2.9\fonts\pk\ljfour\jknappen\
ec\dpi600\ecsl1095.pk> <C:\Users\Manu\AppData\Local\MiKTeX\2.9\fonts\pk\ljfour\
jknappen\ec\dpi600\ecti1095.pk> <C:\Users\Manu\AppData\Local\MiKTeX\2.9\fonts\p
k\ljfour\jknappen\ec\dpi600\ecrm1095.pk> <C:\Users\Manu\AppData\Local\MiKTeX\2.
9\fonts\pk\ljfour\jknappen\ec\dpi600\ecbx1095.pk> <C:\Users\Manu\AppData\Local\
MiKTeX\2.9\fonts\pk\ljfour\jknappen\ec\dpi600\ecbx2488.pk><C:/Program Files (x8
6)/MiKTeX 2.9/fonts/type1/public/amsfonts/cm/cmbsy10.pfb><C:/Program Files (x86
)/MiKTeX 2.9/fonts/type1/public/amsfonts/cm/cmex10.pfb><C:/Program Files (x86)/
MiKTeX 2.9/fonts/type1/public/amsfonts/cm/cmmi10.pfb><C:/Program Files (x86)/Mi
KTeX 2.9/fonts/type1/public/amsfonts/cm/cmmi8.pfb><C:/Program Files (x86)/MiKTe
X 2.9/fonts/type1/public/amsfonts/cm/cmr10.pfb><C:/Program Files (x86)/MiKTeX 2
.9/fonts/type1/public/amsfonts/cm/cmr8.pfb><C:/Program Files (x86)/MiKTeX 2.9/f
onts/type1/public/amsfonts/cm/cmsy10.pfb><C:/Program Files (x86)/MiKTeX 2.9/fon
ts/type1/public/eurosym/feymr10.pfb>
Output written on These.pdf (68 pages, 1329634 bytes).
PDF statistics:
 1787 PDF objects out of 2073 (max. 8388607)
 277 named destinations out of 1000 (max. 500000)
 637 words of extra memory for PDF output out of 10000 (max. 10000000)

