This is pdfTeX, Version 3.1415926-2.5-1.40.14 (MiKTeX 2.9) (preloaded format=pdflatex 2014.4.1)  19 AUG 2016 16:59
entering extended mode
**These.tex
("C:\Users\Manu\Desktop\Manuscrit de these\These.tex"
LaTeX2e <2011/06/27>
Babel <v3.8m> and hyphenation patterns for english, afrikaans, ancientgreek, ar
abic, armenian, assamese, basque, bengali, bokmal, bulgarian, catalan, coptic, 
croatian, czech, danish, dutch, esperanto, estonian, farsi, finnish, french, ga
lician, german, german-x-2013-05-26, greek, gujarati, hindi, hungarian, iceland
ic, indonesian, interlingua, irish, italian, kannada, kurmanji, latin, latvian,
 lithuanian, malayalam, marathi, mongolian, mongolianlmc, monogreek, ngerman, n
german-x-2013-05-26, nynorsk, oriya, panjabi, pinyin, polish, portuguese, roman
ian, russian, sanskrit, serbian, slovak, slovenian, spanish, swedish, swissgerm
an, tamil, telugu, turkish, turkmen, ukenglish, ukrainian, uppersorbian, usengl
ishmax, welsh, loaded.
("C:\Program Files (x86)\MiKTeX 2.9\tex\latex\base\report.cls"
Document Class: report 2007/10/19 v1.4h Standard LaTeX document class
("C:\Program Files (x86)\MiKTeX 2.9\tex\latex\base\size11.clo"
File: size11.clo 2007/10/19 v1.4h Standard LaTeX file (size option)
)
\c@part=\count79
\c@chapter=\count80
\c@section=\count81
\c@subsection=\count82
\c@subsubsection=\count83
\c@paragraph=\count84
\c@subparagraph=\count85
\c@figure=\count86
\c@table=\count87
\abovecaptionskip=\skip41
\belowcaptionskip=\skip42
\bibindent=\dimen102
)
("C:\Program Files (x86)\MiKTeX 2.9\tex\latex\base\inputenc.sty"
Package: inputenc 2008/03/30 v1.1d Input encoding file
\inpenc@prehook=\toks14
\inpenc@posthook=\toks15

("C:\Program Files (x86)\MiKTeX 2.9\tex\latex\base\utf8.def"
File: utf8.def 2008/04/05 v1.1m UTF-8 support for inputenc
Now handling font encoding OML ...
... no UTF-8 mapping file for font encoding OML
Now handling font encoding T1 ...
... processing UTF-8 mapping file for font encoding T1

("C:\Program Files (x86)\MiKTeX 2.9\tex\latex\base\t1enc.dfu"
File: t1enc.dfu 2008/04/05 v1.1m UTF-8 support for inputenc
   defining Unicode char U+00A1 (decimal 161)
   defining Unicode char U+00A3 (decimal 163)
   defining Unicode char U+00AB (decimal 171)
   defining Unicode char U+00BB (decimal 187)
   defining Unicode char U+00BF (decimal 191)
   defining Unicode char U+00C0 (decimal 192)
   defining Unicode char U+00C1 (decimal 193)
   defining Unicode char U+00C2 (decimal 194)
   defining Unicode char U+00C3 (decimal 195)
   defining Unicode char U+00C4 (decimal 196)
   defining Unicode char U+00C5 (decimal 197)
   defining Unicode char U+00C6 (decimal 198)
   defining Unicode char U+00C7 (decimal 199)
   defining Unicode char U+00C8 (decimal 200)
   defining Unicode char U+00C9 (decimal 201)
   defining Unicode char U+00CA (decimal 202)
   defining Unicode char U+00CB (decimal 203)
   defining Unicode char U+00CC (decimal 204)
   defining Unicode char U+00CD (decimal 205)
   defining Unicode char U+00CE (decimal 206)
   defining Unicode char U+00CF (decimal 207)
   defining Unicode char U+00D0 (decimal 208)
   defining Unicode char U+00D1 (decimal 209)
   defining Unicode char U+00D2 (decimal 210)
   defining Unicode char U+00D3 (decimal 211)
   defining Unicode char U+00D4 (decimal 212)
   defining Unicode char U+00D5 (decimal 213)
   defining Unicode char U+00D6 (decimal 214)
   defining Unicode char U+00D8 (decimal 216)
   defining Unicode char U+00D9 (decimal 217)
   defining Unicode char U+00DA (decimal 218)
   defining Unicode char U+00DB (decimal 219)
   defining Unicode char U+00DC (decimal 220)
   defining Unicode char U+00DD (decimal 221)
   defining Unicode char U+00DE (decimal 222)
   defining Unicode char U+00DF (decimal 223)
   defining Unicode char U+00E0 (decimal 224)
   defining Unicode char U+00E1 (decimal 225)
   defining Unicode char U+00E2 (decimal 226)
   defining Unicode char U+00E3 (decimal 227)
   defining Unicode char U+00E4 (decimal 228)
   defining Unicode char U+00E5 (decimal 229)
   defining Unicode char U+00E6 (decimal 230)
   defining Unicode char U+00E7 (decimal 231)
   defining Unicode char U+00E8 (decimal 232)
   defining Unicode char U+00E9 (decimal 233)
   defining Unicode char U+00EA (decimal 234)
   defining Unicode char U+00EB (decimal 235)
   defining Unicode char U+00EC (decimal 236)
   defining Unicode char U+00ED (decimal 237)
   defining Unicode char U+00EE (decimal 238)
   defining Unicode char U+00EF (decimal 239)
   defining Unicode char U+00F0 (decimal 240)
   defining Unicode char U+00F1 (decimal 241)
   defining Unicode char U+00F2 (decimal 242)
   defining Unicode char U+00F3 (decimal 243)
   defining Unicode char U+00F4 (decimal 244)
   defining Unicode char U+00F5 (decimal 245)
   defining Unicode char U+00F6 (decimal 246)
   defining Unicode char U+00F8 (decimal 248)
   defining Unicode char U+00F9 (decimal 249)
   defining Unicode char U+00FA (decimal 250)
   defining Unicode char U+00FB (decimal 251)
   defining Unicode char U+00FC (decimal 252)
   defining Unicode char U+00FD (decimal 253)
   defining Unicode char U+00FE (decimal 254)
   defining Unicode char U+00FF (decimal 255)
   defining Unicode char U+0102 (decimal 258)
   defining Unicode char U+0103 (decimal 259)
   defining Unicode char U+0104 (decimal 260)
   defining Unicode char U+0105 (decimal 261)
   defining Unicode char U+0106 (decimal 262)
   defining Unicode char U+0107 (decimal 263)
   defining Unicode char U+010C (decimal 268)
   defining Unicode char U+010D (decimal 269)
   defining Unicode char U+010E (decimal 270)
   defining Unicode char U+010F (decimal 271)
   defining Unicode char U+0110 (decimal 272)
   defining Unicode char U+0111 (decimal 273)
   defining Unicode char U+0118 (decimal 280)
   defining Unicode char U+0119 (decimal 281)
   defining Unicode char U+011A (decimal 282)
   defining Unicode char U+011B (decimal 283)
   defining Unicode char U+011E (decimal 286)
   defining Unicode char U+011F (decimal 287)
   defining Unicode char U+0130 (decimal 304)
   defining Unicode char U+0131 (decimal 305)
   defining Unicode char U+0132 (decimal 306)
   defining Unicode char U+0133 (decimal 307)
   defining Unicode char U+0139 (decimal 313)
   defining Unicode char U+013A (decimal 314)
   defining Unicode char U+013D (decimal 317)
   defining Unicode char U+013E (decimal 318)
   defining Unicode char U+0141 (decimal 321)
   defining Unicode char U+0142 (decimal 322)
   defining Unicode char U+0143 (decimal 323)
   defining Unicode char U+0144 (decimal 324)
   defining Unicode char U+0147 (decimal 327)
   defining Unicode char U+0148 (decimal 328)
   defining Unicode char U+014A (decimal 330)
   defining Unicode char U+014B (decimal 331)
   defining Unicode char U+0150 (decimal 336)
   defining Unicode char U+0151 (decimal 337)
   defining Unicode char U+0152 (decimal 338)
   defining Unicode char U+0153 (decimal 339)
   defining Unicode char U+0154 (decimal 340)
   defining Unicode char U+0155 (decimal 341)
   defining Unicode char U+0158 (decimal 344)
   defining Unicode char U+0159 (decimal 345)
   defining Unicode char U+015A (decimal 346)
   defining Unicode char U+015B (decimal 347)
   defining Unicode char U+015E (decimal 350)
   defining Unicode char U+015F (decimal 351)
   defining Unicode char U+0160 (decimal 352)
   defining Unicode char U+0161 (decimal 353)
   defining Unicode char U+0162 (decimal 354)
   defining Unicode char U+0163 (decimal 355)
   defining Unicode char U+0164 (decimal 356)
   defining Unicode char U+0165 (decimal 357)
   defining Unicode char U+016E (decimal 366)
   defining Unicode char U+016F (decimal 367)
   defining Unicode char U+0170 (decimal 368)
   defining Unicode char U+0171 (decimal 369)
   defining Unicode char U+0178 (decimal 376)
   defining Unicode char U+0179 (decimal 377)
   defining Unicode char U+017A (decimal 378)
   defining Unicode char U+017B (decimal 379)
   defining Unicode char U+017C (decimal 380)
   defining Unicode char U+017D (decimal 381)
   defining Unicode char U+017E (decimal 382)
   defining Unicode char U+200C (decimal 8204)
   defining Unicode char U+2013 (decimal 8211)
   defining Unicode char U+2014 (decimal 8212)
   defining Unicode char U+2018 (decimal 8216)
   defining Unicode char U+2019 (decimal 8217)
   defining Unicode char U+201A (decimal 8218)
   defining Unicode char U+201C (decimal 8220)
   defining Unicode char U+201D (decimal 8221)
   defining Unicode char U+201E (decimal 8222)
   defining Unicode char U+2030 (decimal 8240)
   defining Unicode char U+2031 (decimal 8241)
   defining Unicode char U+2039 (decimal 8249)
   defining Unicode char U+203A (decimal 8250)
   defining Unicode char U+2423 (decimal 9251)
)
Now handling font encoding OT1 ...
... processing UTF-8 mapping file for font encoding OT1

("C:\Program Files (x86)\MiKTeX 2.9\tex\latex\base\ot1enc.dfu"
File: ot1enc.dfu 2008/04/05 v1.1m UTF-8 support for inputenc
   defining Unicode char U+00A1 (decimal 161)
   defining Unicode char U+00A3 (decimal 163)
   defining Unicode char U+00B8 (decimal 184)
   defining Unicode char U+00BF (decimal 191)
   defining Unicode char U+00C5 (decimal 197)
   defining Unicode char U+00C6 (decimal 198)
   defining Unicode char U+00D8 (decimal 216)
   defining Unicode char U+00DF (decimal 223)
   defining Unicode char U+00E6 (decimal 230)
   defining Unicode char U+00EC (decimal 236)
   defining Unicode char U+00ED (decimal 237)
   defining Unicode char U+00EE (decimal 238)
   defining Unicode char U+00EF (decimal 239)
   defining Unicode char U+00F8 (decimal 248)
   defining Unicode char U+0131 (decimal 305)
   defining Unicode char U+0141 (decimal 321)
   defining Unicode char U+0142 (decimal 322)
   defining Unicode char U+0152 (decimal 338)
   defining Unicode char U+0153 (decimal 339)
   defining Unicode char U+2013 (decimal 8211)
   defining Unicode char U+2014 (decimal 8212)
   defining Unicode char U+2018 (decimal 8216)
   defining Unicode char U+2019 (decimal 8217)
   defining Unicode char U+201C (decimal 8220)
   defining Unicode char U+201D (decimal 8221)
)
Now handling font encoding OMS ...
... processing UTF-8 mapping file for font encoding OMS

("C:\Program Files (x86)\MiKTeX 2.9\tex\latex\base\omsenc.dfu"
File: omsenc.dfu 2008/04/05 v1.1m UTF-8 support for inputenc
   defining Unicode char U+00A7 (decimal 167)
   defining Unicode char U+00B6 (decimal 182)
   defining Unicode char U+00B7 (decimal 183)
   defining Unicode char U+2020 (decimal 8224)
   defining Unicode char U+2021 (decimal 8225)
   defining Unicode char U+2022 (decimal 8226)
)
Now handling font encoding OMX ...
... no UTF-8 mapping file for font encoding OMX
Now handling font encoding U ...
... no UTF-8 mapping file for font encoding U
   defining Unicode char U+00A9 (decimal 169)
   defining Unicode char U+00AA (decimal 170)
   defining Unicode char U+00AE (decimal 174)
   defining Unicode char U+00BA (decimal 186)
   defining Unicode char U+02C6 (decimal 710)
   defining Unicode char U+02DC (decimal 732)
   defining Unicode char U+200C (decimal 8204)
   defining Unicode char U+2026 (decimal 8230)
   defining Unicode char U+2122 (decimal 8482)
   defining Unicode char U+2423 (decimal 9251)
))
("C:\Program Files (x86)\MiKTeX 2.9\tex\latex\base\fontenc.sty"
Package: fontenc 2005/09/27 v1.99g Standard LaTeX package

("C:\Program Files (x86)\MiKTeX 2.9\tex\latex\base\t1enc.def"
File: t1enc.def 2005/09/27 v1.99g Standard LaTeX file
LaTeX Font Info:    Redeclaring font encoding T1 on input line 43.
))
("C:\Program Files (x86)\MiKTeX 2.9\tex\latex\graphics\graphicx.sty"
Package: graphicx 1999/02/16 v1.0f Enhanced LaTeX Graphics (DPC,SPQR)

("C:\Program Files (x86)\MiKTeX 2.9\tex\latex\graphics\keyval.sty"
Package: keyval 1999/03/16 v1.13 key=value parser (DPC)
\KV@toks@=\toks16
)
("C:\Program Files (x86)\MiKTeX 2.9\tex\latex\graphics\graphics.sty"
Package: graphics 2009/02/05 v1.0o Standard LaTeX Graphics (DPC,SPQR)

("C:\Program Files (x86)\MiKTeX 2.9\tex\latex\graphics\trig.sty"
Package: trig 1999/03/16 v1.09 sin cos tan (DPC)
)
("C:\Program Files (x86)\MiKTeX 2.9\tex\latex\00miktex\graphics.cfg"
File: graphics.cfg 2007/01/18 v1.5 graphics configuration of teTeX/TeXLive
)
Package graphics Info: Driver file: pdftex.def on input line 91.

("C:\Program Files (x86)\MiKTeX 2.9\tex\latex\pdftex-def\pdftex.def"
File: pdftex.def 2011/05/27 v0.06d Graphics/color for pdfTeX

("C:\Program Files (x86)\MiKTeX 2.9\tex\generic\oberdiek\infwarerr.sty"
Package: infwarerr 2010/04/08 v1.3 Providing info/warning/error messages (HO)
)
("C:\Program Files (x86)\MiKTeX 2.9\tex\generic\oberdiek\ltxcmds.sty"
Package: ltxcmds 2011/11/09 v1.22 LaTeX kernel commands for general use (HO)
)
\Gread@gobject=\count88
))
\Gin@req@height=\dimen103
\Gin@req@width=\dimen104
)
("C:\Program Files (x86)\MiKTeX 2.9\tex\latex\oberdiek\pdflscape.sty"
Package: pdflscape 2008/08/11 v0.10 Display of landscape pages in PDF (HO)

("C:\Program Files (x86)\MiKTeX 2.9\tex\latex\graphics\lscape.sty"
Package: lscape 2000/10/22 v3.01 Landscape Pages (DPC)
)
("C:\Program Files (x86)\MiKTeX 2.9\tex\generic\oberdiek\ifpdf.sty"
Package: ifpdf 2011/01/30 v2.3 Provides the ifpdf switch (HO)
Package ifpdf Info: pdfTeX in PDF mode is detected.
)
Package pdflscape Info: Auto-detected driver: pdftex on input line 80.

("C:\Program Files (x86)\MiKTeX 2.9\tex\generic\ifxetex\ifxetex.sty"
Package: ifxetex 2010/09/12 v0.6 Provides ifxetex conditional
))
("C:\Program Files (x86)\MiKTeX 2.9\tex\latex\tools\array.sty"
Package: array 2008/09/09 v2.4c Tabular extension package (FMi)
\col@sep=\dimen105
\extrarowheight=\dimen106
\NC@list=\toks17
\extratabsurround=\skip43
\backup@length=\skip44
)
("C:\Program Files (x86)\MiKTeX 2.9\tex\latex\multirow\multirow.sty"
\bigstrutjot=\dimen107
)
("C:\Program Files (x86)\MiKTeX 2.9\tex\latex\makecell\makecell.sty"
Package: makecell 2009/08/03 V0.1e Managing of Tab Column Heads and Cells
\rotheadsize=\dimen108
\c@nlinenum=\count89
\TeXr@lab=\toks18
)
("C:\Program Files (x86)\MiKTeX 2.9\tex\latex\geometry\geometry.sty"
Package: geometry 2010/09/12 v5.6 Page Geometry

("C:\Program Files (x86)\MiKTeX 2.9\tex\generic\oberdiek\ifvtex.sty"
Package: ifvtex 2010/03/01 v1.5 Detect VTeX and its facilities (HO)
Package ifvtex Info: VTeX not detected.
)
\Gm@cnth=\count90
\Gm@cntv=\count91
\c@Gm@tempcnt=\count92
\Gm@bindingoffset=\dimen109
\Gm@wd@mp=\dimen110
\Gm@odd@mp=\dimen111
\Gm@even@mp=\dimen112
\Gm@layoutwidth=\dimen113
\Gm@layoutheight=\dimen114
\Gm@layouthoffset=\dimen115
\Gm@layoutvoffset=\dimen116
\Gm@dimlist=\toks19

("C:\Program Files (x86)\MiKTeX 2.9\tex\latex\geometry\geometry.cfg"))
("C:\Program Files (x86)\MiKTeX 2.9\tex\latex\amsmath\amsmath.sty"
Package: amsmath 2013/01/14 v2.14 AMS math features
\@mathmargin=\skip45

For additional information on amsmath, use the `?' option.
("C:\Program Files (x86)\MiKTeX 2.9\tex\latex\amsmath\amstext.sty"
Package: amstext 2000/06/29 v2.01

("C:\Program Files (x86)\MiKTeX 2.9\tex\latex\amsmath\amsgen.sty"
File: amsgen.sty 1999/11/30 v2.0
\@emptytoks=\toks20
\ex@=\dimen117
))
("C:\Program Files (x86)\MiKTeX 2.9\tex\latex\amsmath\amsbsy.sty"
Package: amsbsy 1999/11/29 v1.2d
\pmbraise@=\dimen118
)
("C:\Program Files (x86)\MiKTeX 2.9\tex\latex\amsmath\amsopn.sty"
Package: amsopn 1999/12/14 v2.01 operator names
)
\inf@bad=\count93
LaTeX Info: Redefining \frac on input line 210.
\uproot@=\count94
\leftroot@=\count95
LaTeX Info: Redefining \overline on input line 306.
\classnum@=\count96
\DOTSCASE@=\count97
LaTeX Info: Redefining \ldots on input line 378.
LaTeX Info: Redefining \dots on input line 381.
LaTeX Info: Redefining \cdots on input line 466.
\Mathstrutbox@=\box26
\strutbox@=\box27
\big@size=\dimen119
LaTeX Font Info:    Redeclaring font encoding OML on input line 566.
LaTeX Font Info:    Redeclaring font encoding OMS on input line 567.
\macc@depth=\count98
\c@MaxMatrixCols=\count99
\dotsspace@=\muskip10
\c@parentequation=\count100
\dspbrk@lvl=\count101
\tag@help=\toks21
\row@=\count102
\column@=\count103
\maxfields@=\count104
\andhelp@=\toks22
\eqnshift@=\dimen120
\alignsep@=\dimen121
\tagshift@=\dimen122
\tagwidth@=\dimen123
\totwidth@=\dimen124
\lineht@=\dimen125
\@envbody=\toks23
\multlinegap=\skip46
\multlinetaggap=\skip47
\mathdisplay@stack=\toks24
LaTeX Info: Redefining \[ on input line 2665.
LaTeX Info: Redefining \] on input line 2666.
)
("C:\Program Files (x86)\MiKTeX 2.9\tex\latex\fancyhdr\fancyhdr.sty"
\fancy@headwidth=\skip48
\f@ncyO@elh=\skip49
\f@ncyO@erh=\skip50
\f@ncyO@olh=\skip51
\f@ncyO@orh=\skip52
\f@ncyO@elf=\skip53
\f@ncyO@erf=\skip54
\f@ncyO@olf=\skip55
\f@ncyO@orf=\skip56
)
("C:\Program Files (x86)\MiKTeX 2.9\tex\latex\float\float.sty"
Package: float 2001/11/08 v1.3d Float enhancements (AL)
\c@float@type=\count105
\float@exts=\toks25
\float@box=\box28
\@float@everytoks=\toks26
\@floatcapt=\box29
)
("C:\Program Files (x86)\MiKTeX 2.9\tex\latex\xcolor\xcolor.sty"
Package: xcolor 2007/01/21 v2.11 LaTeX color extensions (UK)

("C:\Program Files (x86)\MiKTeX 2.9\tex\latex\00miktex\color.cfg"
File: color.cfg 2007/01/18 v1.5 color configuration of teTeX/TeXLive
)
Package xcolor Info: Driver file: pdftex.def on input line 225.
Package xcolor Info: Model `cmy' substituted by `cmy0' on input line 1337.
Package xcolor Info: Model `hsb' substituted by `rgb' on input line 1341.
Package xcolor Info: Model `RGB' extended on input line 1353.
Package xcolor Info: Model `HTML' substituted by `rgb' on input line 1355.
Package xcolor Info: Model `Hsb' substituted by `hsb' on input line 1356.
Package xcolor Info: Model `tHsb' substituted by `hsb' on input line 1357.
Package xcolor Info: Model `HSB' substituted by `hsb' on input line 1358.
Package xcolor Info: Model `Gray' substituted by `gray' on input line 1359.
Package xcolor Info: Model `wave' substituted by `hsb' on input line 1360.

("C:\Program Files (x86)\MiKTeX 2.9\tex\latex\graphics\dvipsnam.def"
File: dvipsnam.def 1999/02/16 v3.0i Driver-dependant file (DPC,SPQR)
))
("C:\Program Files (x86)\MiKTeX 2.9\tex\latex\eurosym\eurosym.sty"
Package: eurosym 1998/08/06 v1.1 European currency symbol ``Euro''
\@eurobox=\box30
)
("C:\Program Files (x86)\MiKTeX 2.9\tex\latex\colortbl\colortbl.sty"
Package: colortbl 2012/02/13 v1.0a Color table columns (DPC)
\everycr=\toks27
\minrowclearance=\skip57
)
("C:\Program Files (x86)\MiKTeX 2.9\tex\latex\tocbibind\tocbibind.sty"
Package: tocbibind 2010/10/13 v1.5k extra ToC listings
Package tocbibind Info: The document has chapter divisions on input line 50.


Package tocbibind Note: Using chapter style headings, unless overridden.

) ("C:\Program Files (x86)\MiKTeX 2.9\tex\generic\babel\babel.sty"
Package: babel 2008/07/08 v3.8m The Babel package

*************************************
* Local config file bblopts.cfg used
*
("C:\Program Files (x86)\MiKTeX 2.9\tex\latex\00miktex\bblopts.cfg"
File: bblopts.cfg 2006/07/31 v1.0 MiKTeX 'babel' configuration
)
("C:\Program Files (x86)\MiKTeX 2.9\tex\generic\babel\frenchb.ldf"
Language: frenchb 2009/03/16 v2.3d French support from the babel system

("C:\Program Files (x86)\MiKTeX 2.9\tex\generic\babel\babel.def"
File: babel.def 2008/07/08 v3.8m Babel common definitions
\babel@savecnt=\count106
\U@D=\dimen126
)
Package babel Info: Making : an active character on input line 120.
Package babel Info: Making ; an active character on input line 121.
Package babel Info: Making ! an active character on input line 122.
Package babel Info: Making ? an active character on input line 123.
\FB@Mht=\dimen127
\std@mcc=\count107
\dec@mcc=\count108
\parindentFFN=\dimen128

*************************************
* Local config file frenchb.cfg used
*
("C:\Program Files (x86)\MiKTeX 2.9\tex\generic\babel\frenchb.cfg")))
("C:\Program Files (x86)\MiKTeX 2.9\tex\latex\carlisle\scalefnt.sty")
("C:\Program Files (x86)\MiKTeX 2.9\tex\latex\hyperref\hyperref.sty"
Package: hyperref 2012/11/06 v6.83m Hypertext links for LaTeX

("C:\Program Files (x86)\MiKTeX 2.9\tex\generic\oberdiek\hobsub-hyperref.sty"
Package: hobsub-hyperref 2012/04/25 v1.12 Bundle oberdiek, subset hyperref (HO)


("C:\Program Files (x86)\MiKTeX 2.9\tex\generic\oberdiek\hobsub-generic.sty"
Package: hobsub-generic 2012/04/25 v1.12 Bundle oberdiek, subset generic (HO)
Package: hobsub 2012/04/25 v1.12 Construct package bundles (HO)
Package hobsub Info: Skipping package `infwarerr' (already loaded).
Package hobsub Info: Skipping package `ltxcmds' (already loaded).
Package: ifluatex 2010/03/01 v1.3 Provides the ifluatex switch (HO)
Package ifluatex Info: LuaTeX not detected.
Package hobsub Info: Skipping package `ifvtex' (already loaded).
Package: intcalc 2007/09/27 v1.1 Expandable calculations with integers (HO)
Package hobsub Info: Skipping package `ifpdf' (already loaded).
Package: etexcmds 2011/02/16 v1.5 Avoid name clashes with e-TeX commands (HO)
Package etexcmds Info: Could not find \expanded.
(etexcmds)             That can mean that you are not using pdfTeX 1.50 or
(etexcmds)             that some package has redefined \expanded.
(etexcmds)             In the latter case, load this package earlier.
Package: kvsetkeys 2012/04/25 v1.16 Key value parser (HO)
Package: kvdefinekeys 2011/04/07 v1.3 Define keys (HO)
Package: pdftexcmds 2011/11/29 v0.20 Utility functions of pdfTeX for LuaTeX (HO
)
Package pdftexcmds Info: LuaTeX not detected.
Package pdftexcmds Info: \pdf@primitive is available.
Package pdftexcmds Info: \pdf@ifprimitive is available.
Package pdftexcmds Info: \pdfdraftmode found.
Package: pdfescape 2011/11/25 v1.13 Implements pdfTeX's escape features (HO)
Package: bigintcalc 2012/04/08 v1.3 Expandable calculations on big integers (HO
)
Package: bitset 2011/01/30 v1.1 Handle bit-vector datatype (HO)
Package: uniquecounter 2011/01/30 v1.2 Provide unlimited unique counter (HO)
)
Package hobsub Info: Skipping package `hobsub' (already loaded).
Package: letltxmacro 2010/09/02 v1.4 Let assignment for LaTeX macros (HO)
Package: hopatch 2011/06/24 v1.1 Wrapper for package hooks (HO)
Package: xcolor-patch 2011/01/30 xcolor patch
Package: atveryend 2011/06/30 v1.8 Hooks at the very end of document (HO)
Package atveryend Info: \enddocument detected (standard20110627).
Package: atbegshi 2011/10/05 v1.16 At begin shipout hook (HO)
Package: refcount 2011/10/16 v3.4 Data extraction from label references (HO)
Package: hycolor 2011/01/30 v1.7 Color options for hyperref/bookmark (HO)
)
("C:\Program Files (x86)\MiKTeX 2.9\tex\latex\oberdiek\auxhook.sty"
Package: auxhook 2011/03/04 v1.3 Hooks for auxiliary files (HO)
)
("C:\Program Files (x86)\MiKTeX 2.9\tex\latex\oberdiek\kvoptions.sty"
Package: kvoptions 2011/06/30 v3.11 Key value format for package options (HO)
)
\@linkdim=\dimen129
\Hy@linkcounter=\count109
\Hy@pagecounter=\count110

("C:\Program Files (x86)\MiKTeX 2.9\tex\latex\hyperref\pd1enc.def"
File: pd1enc.def 2012/11/06 v6.83m Hyperref: PDFDocEncoding definition (HO)
Now handling font encoding PD1 ...
... no UTF-8 mapping file for font encoding PD1
)
\Hy@SavedSpaceFactor=\count111

("C:\Program Files (x86)\MiKTeX 2.9\tex\latex\00miktex\hyperref.cfg"
File: hyperref.cfg 2002/06/06 v1.2 hyperref configuration of TeXLive
)
Package hyperref Info: Hyper figures OFF on input line 4443.
Package hyperref Info: Link nesting OFF on input line 4448.
Package hyperref Info: Hyper index ON on input line 4451.
Package hyperref Info: Plain pages OFF on input line 4458.
Package hyperref Info: Backreferencing OFF on input line 4463.
Package hyperref Info: Implicit mode ON; LaTeX internals redefined.
Package hyperref Info: Bookmarks ON on input line 4688.
\c@Hy@tempcnt=\count112

("C:\Program Files (x86)\MiKTeX 2.9\tex\latex\url\url.sty"
\Urlmuskip=\muskip11
Package: url 2013/09/16  ver 3.4  Verb mode for urls, etc.
)
LaTeX Info: Redefining \url on input line 5041.
\XeTeXLinkMargin=\dimen130
\Fld@menulength=\count113
\Field@Width=\dimen131
\Fld@charsize=\dimen132
Package hyperref Info: Hyper figures OFF on input line 6295.
Package hyperref Info: Link nesting OFF on input line 6300.
Package hyperref Info: Hyper index ON on input line 6303.
Package hyperref Info: backreferencing OFF on input line 6310.
Package hyperref Info: Link coloring OFF on input line 6315.
Package hyperref Info: Link coloring with OCG OFF on input line 6320.
Package hyperref Info: PDF/A mode OFF on input line 6325.
LaTeX Info: Redefining \ref on input line 6365.
LaTeX Info: Redefining \pageref on input line 6369.
\Hy@abspage=\count114
\c@Item=\count115
\c@Hfootnote=\count116
)

Package hyperref Message: Driver (autodetected): hpdftex.

("C:\Program Files (x86)\MiKTeX 2.9\tex\latex\hyperref\hpdftex.def"
File: hpdftex.def 2012/11/06 v6.83m Hyperref driver for pdfTeX
\Fld@listcount=\count117
\c@bookmark@seq@number=\count118

("C:\Program Files (x86)\MiKTeX 2.9\tex\latex\oberdiek\rerunfilecheck.sty"
Package: rerunfilecheck 2011/04/15 v1.7 Rerun checks for auxiliary files (HO)
Package uniquecounter Info: New unique counter `rerunfilecheck' on input line 2
82.
)
\Hy@SectionHShift=\skip58
)
Package hyperref Info: Option `colorlinks' set `true' on input line 38.
Package hyperref Info: Option `breaklinks' set `true' on input line 38.

("C:\Users\Manu\Desktop\Manuscrit de these\These.aux"
("C:\Users\Manu\Desktop\Manuscrit de these\Introduction.aux")
("C:\Users\Manu\Desktop\Manuscrit de these\Conception_et_construction_des_batim
ents.aux")
("C:\Users\Manu\Desktop\Manuscrit de these\Performance_energetique_theorique_et
_reelle.aux")
("C:\Users\Manu\Desktop\Manuscrit de these\Approches_de_modelisation.aux")
("C:\Users\Manu\Desktop\Manuscrit de these\MASS.aux")
("C:\Users\Manu\Desktop\Manuscrit de these\Developpement_de_modeles.aux")
("C:\Users\Manu\Desktop\Manuscrit de these\Developpement_de_modeles_Suite.aux")

("C:\Users\Manu\Desktop\Manuscrit de these\Analyses_de_sensibilite_sur_batiment
_residentiel.aux") ("C:\Users\Manu\Desktop\Manuscrit de these\Discussion.aux"))
LaTeX Font Info:    Checking defaults for OML/cmm/m/it on input line 48.
LaTeX Font Info:    ... okay on input line 48.
LaTeX Font Info:    Checking defaults for T1/cmr/m/n on input line 48.
LaTeX Font Info:    ... okay on input line 48.
LaTeX Font Info:    Checking defaults for OT1/cmr/m/n on input line 48.
LaTeX Font Info:    ... okay on input line 48.
LaTeX Font Info:    Checking defaults for OMS/cmsy/m/n on input line 48.
LaTeX Font Info:    ... okay on input line 48.
LaTeX Font Info:    Checking defaults for OMX/cmex/m/n on input line 48.
LaTeX Font Info:    ... okay on input line 48.
LaTeX Font Info:    Checking defaults for U/cmr/m/n on input line 48.
LaTeX Font Info:    ... okay on input line 48.
LaTeX Font Info:    Checking defaults for PD1/pdf/m/n on input line 48.
LaTeX Font Info:    ... okay on input line 48.
("C:\Program Files (x86)\MiKTeX 2.9\tex\context\base\supp-pdf.mkii"
[Loading MPS to PDF converter (version 2006.09.02).]
\scratchcounter=\count119
\scratchdimen=\dimen133
\scratchbox=\box31
\nofMPsegments=\count120
\nofMParguments=\count121
\everyMPshowfont=\toks28
\MPscratchCnt=\count122
\MPscratchDim=\dimen134
\MPnumerator=\count123
\makeMPintoPDFobject=\count124
\everyMPtoPDFconversion=\toks29
)
*geometry* driver: auto-detecting
*geometry* detected driver: pdftex
*geometry* verbose mode - [ preamble ] result:
* driver: pdftex
* paper: <default>
* layout: <same size as paper>
* layoutoffset:(h,v)=(0.0pt,0.0pt)
* modes: twoside 
* h-part:(L,W,R)=(71.13188pt, 472.03123pt, 71.13188pt)
* v-part:(T,H,B)=(42.67912pt, 709.61174pt, 42.67912pt)
* \paperwidth=614.295pt
* \paperheight=794.96999pt
* \textwidth=472.03123pt
* \textheight=709.61174pt
* \oddsidemargin=-1.1381pt
* \evensidemargin=-1.1381pt
* \topmargin=-66.59087pt
* \headheight=12.0pt
* \headsep=25.0pt
* \topskip=11.0pt
* \footskip=30.0pt
* \marginparwidth=113.0pt
* \marginparsep=10.0pt
* \columnsep=10.0pt
* \skip\footins=10.0pt plus 4.0pt minus 2.0pt
* \hoffset=0.0pt
* \voffset=0.0pt
* \mag=1000
* \@twocolumnfalse
* \@twosidetrue
* \@mparswitchtrue
* \@reversemarginfalse
* (1in=72.27pt=25.4mm, 1cm=28.453pt)

LaTeX Info: Redefining \degres on input line 48.
LaTeX Info: Redefining \dots on input line 48.
LaTeX Info: Redefining \up on input line 48.
\AtBeginShipoutBox=\box32
Package hyperref Info: Link coloring ON on input line 48.
("C:\Program Files (x86)\MiKTeX 2.9\tex\latex\hyperref\nameref.sty"
Package: nameref 2012/10/27 v2.43 Cross-referencing by name of section

("C:\Program Files (x86)\MiKTeX 2.9\tex\generic\oberdiek\gettitlestring.sty"
Package: gettitlestring 2010/12/03 v1.4 Cleanup title references (HO)
)
\c@section@level=\count125
)
LaTeX Info: Redefining \ref on input line 48.
LaTeX Info: Redefining \pageref on input line 48.
LaTeX Info: Redefining \nameref on input line 48.

("C:\Users\Manu\Desktop\Manuscrit de these\These.out")
("C:\Users\Manu\Desktop\Manuscrit de these\These.out")
\@outlinefile=\write3
 [1

{C:/ProgramData/MiKTeX/2.9/pdftex/config/pdftex.map}]
("C:\Users\Manu\Desktop\Manuscrit de these\These.toc" [2

] [3]
Underfull \vbox (badness 3000) has occurred while \output is active []

 [4])
\tf@toc=\write4

[5] ("C:\Users\Manu\Desktop\Manuscrit de these\Introduction.tex"
Underfull \vbox (badness 2042) has occurred while \output is active []

 [6


]
LaTeX Font Info:    Try loading font information for T1+cmtt on input line 22.

("C:\Program Files (x86)\MiKTeX 2.9\tex\latex\base\t1cmtt.fd"
File: t1cmtt.fd 1999/05/25 v2.5h Standard LaTeX font definitions
) [7] [8])
[9]
("C:\Users\Manu\Desktop\Manuscrit de these\Conception_et_construction_des_batim
ents.tex" [10



]
Chapitre 1.
[11

]
<Images/Evolution_des_performances_des_rt.png, id=546, 379.4175pt x 301.125pt>
File: Images/Evolution_des_performances_des_rt.png Graphic file (type png)

<use Images/Evolution_des_performances_des_rt.png>
Package pdftex.def Info: Images/Evolution_des_performances_des_rt.png used on i
nput line 27.
(pdftex.def)             Requested size: 265.59042pt x 210.78606pt.
 [12]
Underfull \vbox (badness 1616) has occurred while \output is active []

 [13 <C:/Users/Manu/Desktop/Manuscrit de these/Images/Evolution_des_performance
s_des_rt.png>] [14]
Underfull \vbox (badness 10000) has occurred while \output is active []

 [15]
[16] [17] [18] [19]) [20]
("C:\Users\Manu\Desktop\Manuscrit de these\Performance_energetique_theorique_et
_reelle.tex"
Chapitre 2.

Underfull \vbox (badness 10000) has occurred while \output is active []

 [21



]
Overfull \hbox (5.51286pt too wide) in paragraph at lines 24--25
[]\T1/cmr/m/n/10.95 Dans le cadre du pro-gramme na-tio-nal PRE-BAT[][][][][], l
e CE-REMA, su-per-visé et fi-nancé par l'ADEME,
 []

[22] [23] [24]
<Images/Comportement_occupant_energie.png, id=690, 810.02625pt x 381.67593pt>
File: Images/Comportement_occupant_energie.png Graphic file (type png)

<use Images/Comportement_occupant_energie.png>
Package pdftex.def Info: Images/Comportement_occupant_energie.png used on input
 line 67.
(pdftex.def)             Requested size: 453.6116pt x 213.73706pt.
 [25 <C:/Users/Manu/Desktop/Manuscrit de these/Images/Comportement_occupant_ene
rgie.png>] [26]
Overfull \hbox (4.6447pt too wide) in paragraph at lines 119--119
[]|\T1/cmr/m/n/9 Environnement
 []


Underfull \hbox (badness 10000) in paragraph at lines 119--120
[]|\T1/cmr/m/n/9 Bâtiment et
 []


Overfull \hbox (35.53203pt too wide) in paragraph at lines 121--121
[]|\T1/cmr/m/n/9 Consigne 
 []


Overfull \hbox (8.25122pt too wide) in paragraph at lines 121--121
\T1/cmr/m/n/9 de 
 []


Overfull \hbox (48.6302pt too wide) in paragraph at lines 121--121
\T1/cmr/m/n/9 température|  
 []


Underfull \hbox (badness 10000) in paragraph at lines 121--121
[]|\T1/cmr/m/n/9 Possession
 []


Underfull \hbox (badness 10000) in paragraph at lines 121--121
\T1/cmr/m/n/9 (pro-prié-taire,
 []


Underfull \hbox (badness 7238) in paragraph at lines 121--121
[]|\T1/cmr/m/n/9 Heure de
 []


Underfull \hbox (badness 10000) in paragraph at lines 121--121
[]|\T1/cmr/m/n/9 Température
 []


Underfull \hbox (badness 2828) in paragraph at lines 121--121
\T1/cmr/m/n/9 ex-té-rieure de
 []


Underfull \hbox (badness 2005) in paragraph at lines 121--122
[]|\T1/cmr/m/n/9 Niveau d'iso-
 []


Underfull \hbox (badness 10000) in paragraph at lines 122--122
[]|\T1/cmr/m/n/9 Habits
 []


Underfull \hbox (badness 10000) in paragraph at lines 122--122
[]|\T1/cmr/m/n/9 Fréquence
 []


Underfull \hbox (badness 10000) in paragraph at lines 122--122
\T1/cmr/m/n/9 d'in-ter-ac-
 []


Underfull \hbox (badness 4429) in paragraph at lines 122--122
\T1/cmr/m/n/9 tion avec le
 []


Underfull \hbox (badness 10000) in paragraph at lines 122--122
\T1/cmr/m/n/9 sys-tème de
 []


Underfull \hbox (badness 10000) in paragraph at lines 122--122
[]|\T1/cmr/m/n/9 Humidité de
 []


Underfull \hbox (badness 10000) in paragraph at lines 122--122
\T1/cmr/m/n/9 l'air ex-té-
 []


Underfull \hbox (badness 1092) in paragraph at lines 123--123
[]|\T1/cmr/m/n/9 Ouverture de
 []


Overfull \vbox (13.2pt too high) detected at line 124
 []


Underfull \hbox (badness 10000) in paragraph at lines 124--124
[]|\T1/cmr/m/n/9 Habits
 []


Overfull \hbox (5.33899pt too wide) in paragraph at lines 124--124
[]|\T1/cmr/m/n/9 Compréhension
 []


Underfull \hbox (badness 2744) in paragraph at lines 124--124
\T1/cmr/m/n/9 des fonc-tions
 []


Underfull \hbox (badness 10000) in paragraph at lines 124--124
\T1/cmr/m/n/9 de contrôle
 []


Underfull \hbox (badness 10000) in paragraph at lines 124--124
[]|\T1/cmr/m/n/9 Possession
 []


Underfull \hbox (badness 10000) in paragraph at lines 124--124
\T1/cmr/m/n/9 (pro-prié-taire,
 []


Underfull \hbox (badness 10000) in paragraph at lines 124--124
[]|\T1/cmr/m/n/9 Température
 []


Underfull \hbox (badness 2828) in paragraph at lines 124--124
\T1/cmr/m/n/9 ex-té-rieure de
 []


Underfull \hbox (badness 2005) in paragraph at lines 124--125
[]|\T1/cmr/m/n/9 Niveau d'iso-
 []


Underfull \hbox (badness 10000) in paragraph at lines 125--125
[]|\T1/cmr/m/n/9 Humidité de
 []


Underfull \hbox (badness 10000) in paragraph at lines 125--125
\T1/cmr/m/n/9 l'air ex-té-
 []


Underfull \hbox (badness 10000) in paragraph at lines 125--126
[]|\T1/cmr/m/n/9 Type du
 []


Underfull \hbox (badness 10000) in paragraph at lines 125--126
\T1/cmr/m/n/9 sys-tème de
 []


Underfull \hbox (badness 10000) in paragraph at lines 126--126
[]|\T1/cmr/m/n/9 Intentions
 []


Underfull \hbox (badness 10000) in paragraph at lines 126--126
\T1/cmr/m/n/9 gou-ver-ne-
 []


Underfull \hbox (badness 10000) in paragraph at lines 126--126
\T1/cmr/m/n/9 men-tales
 []


Underfull \hbox (badness 10000) in paragraph at lines 126--126
[]|\T1/cmr/m/n/9 Vitesse du
 []


Underfull \hbox (badness 10000) in paragraph at lines 126--127
[]|\T1/cmr/m/n/9 Niveau de
 []


Underfull \hbox (badness 10000) in paragraph at lines 127--127
[]|\T1/cmr/m/n/9 Nombre de
 []


Underfull \hbox (badness 4467) in paragraph at lines 127--127
\T1/cmr/m/n/9 pièces chauf-
 []


Underfull \hbox (badness 10000) in paragraph at lines 127--127
[]|\T1/cmr/m/n/9 Fréquence
 []


Underfull \hbox (badness 10000) in paragraph at lines 127--127
\T1/cmr/m/n/9 des in-ter-ac-
 []


Underfull \hbox (badness 10000) in paragraph at lines 127--127
\T1/cmr/m/n/9 sys-tèmes de
 []


Underfull \hbox (badness 10000) in paragraph at lines 127--128
[]|\T1/cmr/m/n/9 Niveau de
 []


Underfull \hbox (badness 2189) in paragraph at lines 128--128
[]|\T1/cmr/m/n/9 Pièces chauf-
 []


Underfull \hbox (badness 10000) in paragraph at lines 128--129
[]|\T1/cmr/m/n/9 Niveau de
 []


Overfull \hbox (1.68085pt too wide) in paragraph at lines 118--131
 [] 
 []

[27] [28] [29] [30] [31]
Underfull \vbox (badness 1603) has occurred while \output is active []

 [32]
[33]) [34]
("C:\Users\Manu\Desktop\Manuscrit de these\Approches_de_modelisation.tex"
Chapitre 3.

Underfull \vbox (badness 10000) has occurred while \output is active []

 [35



]

LaTeX Warning: Reference `Mod\IeC {\`e}les math\IeC {\'e}matiques' on page 36 u
ndefined on input line 31.

[36] [37]
Underfull \vbox (badness 1178) has occurred while \output is active []

 [38]
Underfull \vbox (badness 5077) has occurred while \output is active []

 [39]
[40] <Images/diagrammes_SMA/BRAHMS.png, id=882, 949.42941pt x 481.8pt>
File: Images/diagrammes_SMA/BRAHMS.png Graphic file (type png)

<use Images/diagrammes_SMA/BRAHMS.png>
Package pdftex.def Info: Images/diagrammes_SMA/BRAHMS.png used on input line 96
.
(pdftex.def)             Requested size: 379.76503pt x 192.71658pt.

Underfull \vbox (badness 10000) has occurred while \output is active []

 [41]
<Images/diagrammes_SMA/Repast.png, id=895, 809.1406pt x 1129.39589pt>
File: Images/diagrammes_SMA/Repast.png Graphic file (type png)

<use Images/diagrammes_SMA/Repast.png>
Package pdftex.def Info: Images/diagrammes_SMA/Repast.png used on input line 10
9.
(pdftex.def)             Requested size: 323.6505pt x 451.75035pt.

Underfull \vbox (badness 10000) has occurred while \output is active []

 [42 <C:/Users/Manu/Desktop/Manuscrit de these/Images/diagrammes_SMA/BRAHMS.png
>]
Underfull \vbox (badness 1565) has occurred while \output is active []

 [43 <C:/Users/Manu/Desktop/Manuscrit de these/Images/diagrammes_SMA/Repast.png
>]
<Images/diagrammes_SMA/NetLogo.png, id=910, 775.13118pt x 1037.28706pt>
File: Images/diagrammes_SMA/NetLogo.png Graphic file (type png)

<use Images/diagrammes_SMA/NetLogo.png>
Package pdftex.def Info: Images/diagrammes_SMA/NetLogo.png used on input line 1
22.
(pdftex.def)             Requested size: 310.04698pt x 414.90747pt.

Underfull \vbox (badness 10000) has occurred while \output is active []

 [44 <C:/Users/Manu/Desktop/Manuscrit de these/Images/diagrammes_SMA/NetLogo.pn
g>]
<Images/diagrammes_SMA/OASys.png, id=921, 909.75177pt x 535.64824pt>
File: Images/diagrammes_SMA/OASys.png Graphic file (type png)

<use Images/diagrammes_SMA/OASys.png>
Package pdftex.def Info: Images/diagrammes_SMA/OASys.png used on input line 135
.
(pdftex.def)             Requested size: 363.89426pt x 214.2555pt.
 [45 <C:/Users/Manu/Desktop/Manuscrit de these/Images/diagrammes_SMA/OASys.png>
]
<Images/diagrammes_SMA/MASS.png, id=934, 1062.79411pt x 993.35823pt>
File: Images/diagrammes_SMA/MASS.png Graphic file (type png)

<use Images/diagrammes_SMA/MASS.png>
Package pdftex.def Info: Images/diagrammes_SMA/MASS.png used on input line 149.

(pdftex.def)             Requested size: 425.1101pt x 397.33626pt.
 [46 <C:/Users/Manu/Desktop/Manuscrit de these/Images/diagrammes_SMA/MASS.png>]

Underfull \hbox (badness 2103) in paragraph at lines 167--167
[]|\T1/cmr/m/n/9 Plateforme - [Ré-fé-
 []


Underfull \hbox (badness 10000) in paragraph at lines 167--167
[]|\T1/cmr/m/n/9 Reprise d'une
 []


Underfull \hbox (badness 1810) in paragraph at lines 167--167
\T1/cmr/m/n/9 pla-te-forme gé-né-
 []


Underfull \hbox (badness 1097) in paragraph at lines 169--170
[]|\T1/cmr/m/n/9 Quasi im-pos-sible : de-
 []


Underfull \hbox (badness 1331) in paragraph at lines 173--173
[]|\T1/cmr/m/n/9 Moyen - basé sur des
 []


Underfull \hbox (badness 10000) in paragraph at lines 173--174
[]|\T1/cmr/m/n/9 Assez dif-fi-ci-le-ment à
 []


Underfull \hbox (badness 1708) in paragraph at lines 174--174
[]|\T1/cmr/m/n/9 Grossier - L'im-pos-si-bi-
 []


Overfull \hbox (19.56003pt too wide) in paragraph at lines 166--177
 [] 
 []

[47]) [48] ("C:\Users\Manu\Desktop\Manuscrit de these\MASS.tex" [49



]
Chapitre 4.
[50

] <Images/CPP.png, id=991, 313.9228pt x 289.83281pt>
File: Images/CPP.png Graphic file (type png)
 <use Images/CPP.png>
Package pdftex.def Info: Images/CPP.png used on input line 29.
(pdftex.def)             Requested size: 282.52791pt x 260.8471pt.

[51] <Images/MASSProcessus.png, id=1003, 417.56pt x 322.20375pt>
File: Images/MASSProcessus.png Graphic file (type png)

<use Images/MASSProcessus.png>
Package pdftex.def Info: Images/MASSProcessus.png used on input line 47.
(pdftex.def)             Requested size: 334.04843pt x 257.76334pt.

Underfull \vbox (badness 10000) has occurred while \output is active []

 [52 <C:/Users/Manu/Desktop/Manuscrit de these/Images/CPP.png>]
<Images/diagramOfTheCo-Simulation.png, id=1014, 902.66647pt x 520.0606pt>
File: Images/diagramOfTheCo-Simulation.png Graphic file (type png)

<use Images/diagramOfTheCo-Simulation.png>
Package pdftex.def Info: Images/diagramOfTheCo-Simulation.png used on input lin
e 57.
(pdftex.def)             Requested size: 433.27498pt x 249.62625pt.

Overfull \hbox (2.75414pt too wide) in paragraph at lines 67--68
[]\T1/cmr/m/n/10.95 Suite aux choix réa-li-sés et pré-sen-tés dans les cha-pitr
es pré-cé-dents sur l'uti-li-sa-tion de co-simulations
 []

[53 <C:/Users/Manu/Desktop/Manuscrit de these/Images/MASSProcessus.png>])
[54 <C:/Users/Manu/Desktop/Manuscrit de these/Images/diagramOfTheCo-Simulation.
png>] ("C:\Users\Manu\Desktop\Manuscrit de these\Developpement_de_modeles.tex"
Chapitre 5.
[55



] [56] <Images/NbPerYear/NbPerYear.png, id=1054, 653.44125pt x 433.62pt>
File: Images/NbPerYear/NbPerYear.png Graphic file (type png)

<use Images/NbPerYear/NbPerYear.png>
Package pdftex.def Info: Images/NbPerYear/NbPerYear.png used on input line 59.
(pdftex.def)             Requested size: 392.06776pt x 260.17401pt.
 [57 <C:/Users/Manu/Desktop/Manuscrit de these/Images/NbPerYear/NbPerYear.png>]
 [58]
Overfull \hbox (0.13548pt too wide) in paragraph at lines 108--112
\T1/cmr/m/n/10.95 tion pour en dé-duire l'en-semble du sys-tème. La ma-trice ré
-duite est donc $\OML/cmm/m/it/10.95 T[]\OT1/cmr/m/n/10.95 (\OML/cmm/m/it/10.95
 t\OT1/cmr/m/n/10.95 ) = []$ 
 []

[59] <Images/ComplexityAndContextualization.png, id=1090, 722.7pt x 542.025pt>
File: Images/ComplexityAndContextualization.png Graphic file (type png)

<use Images/ComplexityAndContextualization.png>
Package pdftex.def Info: Images/ComplexityAndContextualization.png used on inpu
t line 150.
(pdftex.def)             Requested size: 448.06937pt x 336.05202pt.

Underfull \vbox (badness 10000) has occurred while \output is active []

 [60]
[61 <C:/Users/Manu/Desktop/Manuscrit de these/Images/ComplexityAndContextualiza
tion.png>] <Images/CasEtudeBureau.png, id=1108, 746.03719pt x 622.57594pt>
File: Images/CasEtudeBureau.png Graphic file (type png)

<use Images/CasEtudeBureau.png>
Package pdftex.def Info: Images/CasEtudeBureau.png used on input line 169.
(pdftex.def)             Requested size: 410.32172pt x 342.41782pt.
 [62 <C:/Users/Manu/Desktop/Manuscrit de these/Images/CasEtudeBureau.png>]
<Images/PlanMaison.png, id=1120, 854.44218pt x 627.09282pt>
File: Images/PlanMaison.png Graphic file (type png)

<use Images/PlanMaison.png>
Package pdftex.def Info: Images/PlanMaison.png used on input line 207.
(pdftex.def)             Requested size: 469.94466pt x 344.90211pt.

Underfull \vbox (badness 10000) has occurred while \output is active []

 [63]
<Images/CasEtudeMaison.png, id=1126, 657.95813pt x 602.25pt>
File: Images/CasEtudeMaison.png Graphic file (type png)

<use Images/CasEtudeMaison.png>
Package pdftex.def Info: Images/CasEtudeMaison.png used on input line 214.
(pdftex.def)             Requested size: 361.8781pt x 331.23851pt.

Underfull \vbox (badness 10000) has occurred while \output is active []

 [64 <C:/Users/Manu/Desktop/Manuscrit de these/Images/PlanMaison.png>] [65 <C:/
Users/Manu/Desktop/Manuscrit de these/Images/CasEtudeMaison.png>] [66]
Underfull \vbox (badness 10000) has occurred while \output is active []

 [67]
[68]
Underfull \hbox (badness 10000) in paragraph at lines 287--287
[]|\T1/cmr/m/n/9 Durée cam-
 []


Underfull \hbox (badness 10000) in paragraph at lines 287--287
[]|\T1/cmr/m/n/9 Intervalle de
 []


Underfull \hbox (badness 4479) in paragraph at lines 290--290
[]|\T1/cmr/m/n/9 Processus de
 []


Underfull \hbox (badness 10000) in paragraph at lines 292--292
[]|\T1/cmr/m/n/9 Chaine de
 []


Underfull \hbox (badness 1472) in paragraph at lines 292--292
[]|\T1/cmr/m/n/9 Détaillé pour im-plé-men-ta-
 []


Underfull \hbox (badness 10000) in paragraph at lines 292--293
[]|\T1/cmr/m/n/9 Données d'en-trée com-
 []


Underfull \hbox (badness 1147) in paragraph at lines 292--293
\T1/cmr/m/n/9 nombre de jour d'ab-sence
 []


Underfull \hbox (badness 8170) in paragraph at lines 294--294
[]|\T1/cmr/m/n/9 Ericksen et al.
 []


Underfull \hbox (badness 2134) in paragraph at lines 294--294
[]|\T1/cmr/m/n/9 4 zones uni-
 []


Underfull \hbox (badness 10000) in paragraph at lines 294--294
[]|\T1/cmr/m/n/9 Multivarié
 []


Underfull \hbox (badness 3536) in paragraph at lines 296--296
[]|\T1/cmr/m/n/9 1 bu-reau (8
 []


Underfull \hbox (badness 2035) in paragraph at lines 296--296
[]|\T1/cmr/m/n/9 S-curve; Mé-
 []


Underfull \hbox (badness 2894) in paragraph at lines 296--296
\T1/cmr/m/n/9 thode pro-ba-
 []


Underfull \hbox (badness 1577) in paragraph at lines 298--298
[]|\T1/cmr/m/n/9 Davis et Nut-ter
 []


Underfull \hbox (badness 2837) in paragraph at lines 298--298
[]|\T1/cmr/m/n/9 11 bâ-ti-ments
 []


Underfull \hbox (badness 8000) in paragraph at lines 298--298
[]|\T1/cmr/m/n/9 Identification de fac-teurs
 []


Underfull \hbox (badness 10000) in paragraph at lines 300--300
[]|\T1/cmr/m/n/9 Bâtiment
 []


Underfull \hbox (badness 10000) in paragraph at lines 300--300
[]|\T1/cmr/m/n/9 Chaine de
 []


Underfull \hbox (badness 10000) in paragraph at lines 302--302
[]|\T1/cmr/m/n/9 Chaine de
 []


Underfull \hbox (badness 4416) in paragraph at lines 302--302
\T1/cmr/m/n/9 Mar-kov à 7
 []


Underfull \hbox (badness 10000) in paragraph at lines 304--304
[]|\T1/cmr/m/n/9 Bâtiment
 []


Underfull \hbox (badness 1194) in paragraph at lines 304--305
[]|\T1/cmr/m/n/9 Pas de mo-dèle clai-re-ment
 []


Underfull \hbox (badness 3138) in paragraph at lines 306--306
[]|\T1/cmr/m/n/9 Chang et Hong
 []


Underfull \hbox (badness 10000) in paragraph at lines 306--306
[]|\T1/cmr/m/n/9 Fonction de
 []


Underfull \hbox (badness 10000) in paragraph at lines 306--306
\T1/cmr/m/n/9 dis-tri-bu-tion
 []


Underfull \hbox (badness 1052) in paragraph at lines 306--306
[]|\T1/cmr/m/n/9 Groupement sui-vant 5 fa-
 []


Underfull \hbox (badness 10000) in paragraph at lines 308--308
[]|\T1/cmr/m/n/9 Chaine de
 []


Underfull \hbox (badness 2134) in paragraph at lines 310--310
[]|\T1/cmr/m/n/9 8 zones uni-
 []


Underfull \hbox (badness 1721) in paragraph at lines 310--310
[]|\T1/cmr/m/n/9 Modèle d'ap-
 []

[69

] [70

]
Underfull \vbox (badness 10000) has occurred while \output is active []

 [71]
<Images/PageActivities/ProfilPresence.png, id=1240, 696.35156pt x 400.49625pt>
File: Images/PageActivities/ProfilPresence.png Graphic file (type png)

<use Images/PageActivities/ProfilPresence.png>
Package pdftex.def Info: Images/PageActivities/ProfilPresence.png used on input
 line 427.
(pdftex.def)             Requested size: 417.81415pt x 240.29959pt.

Underfull \vbox (badness 10000) has occurred while \output is active []

 [72]
<Images/PageActivities/ChronogrammeBase.png, id=1249, 1022.82124pt x 380.42125p
t>
File: Images/PageActivities/ChronogrammeBase.png Graphic file (type png)
 <use Images/PageActivities/ChronogrammeBase.png>
Package pdftex.def Info: Images/PageActivities/ChronogrammeBase.png used on inp
ut line 434.
(pdftex.def)             Requested size: 470.50348pt x 174.99588pt.
 [73 <C:/Users/Manu/Desktop/Manuscrit de these/Images/PageActivities/ProfilPres
ence.png> <C:/Users/Manu/Desktop/Manuscrit de these/Images/PageActivities/Chron
ogrammeBase.png>] [74]
Underfull \vbox (badness 10000) has occurred while \output is active []

 [75]
[76]
<Images/PageActivities/PresenceQ.png, id=1315, 1022.82124pt x 380.42125pt>
File: Images/PageActivities/PresenceQ.png Graphic file (type png)

<use Images/PageActivities/PresenceQ.png>
Package pdftex.def Info: Images/PageActivities/PresenceQ.png used on input line
 503.
(pdftex.def)             Requested size: 460.2653pt x 171.18797pt.

<Images/PageActivities/PresenceH.png, id=1316, 1022.82124pt x 380.42125pt>
File: Images/PageActivities/PresenceH.png Graphic file (type png)

<use Images/PageActivities/PresenceH.png>
Package pdftex.def Info: Images/PageActivities/PresenceH.png used on input line
 510.
(pdftex.def)             Requested size: 460.2653pt x 171.18797pt.

<Images/PageActivities/PresenceCumulee.png, id=1317, 1022.82124pt x 380.42125pt
>
File: Images/PageActivities/PresenceCumulee.png Graphic file (type png)
 <use Images/PageActivities/PresenceCumulee.png>
Package pdftex.def Info: Images/PageActivities/PresenceCumulee.png used on inpu
t line 517.
(pdftex.def)             Requested size: 460.2653pt x 171.18797pt.

<Images/PageActivities/NbTransitions.png, id=1318, 1035.87pt x 398.48875pt>
File: Images/PageActivities/NbTransitions.png Graphic file (type png)

<use Images/PageActivities/NbTransitions.png>
Package pdftex.def Info: Images/PageActivities/NbTransitions.png used on input 
line 524.
(pdftex.def)             Requested size: 466.13719pt x 179.31828pt.

<Images/PageActivities/PremiereArrivee.png, id=1319, 1022.82124pt x 380.42125pt
>
File: Images/PageActivities/PremiereArrivee.png Graphic file (type png)
 <use Images/PageActivities/PremiereArrivee.png>
Package pdftex.def Info: Images/PageActivities/PremiereArrivee.png used on inpu
t line 531.
(pdftex.def)             Requested size: 460.2653pt x 171.18797pt.

<Images/PageActivities/DernierDepart.png, id=1320, 1022.82124pt x 380.42125pt>
File: Images/PageActivities/DernierDepart.png Graphic file (type png)

<use Images/PageActivities/DernierDepart.png>
Package pdftex.def Info: Images/PageActivities/DernierDepart.png used on input 
line 538.
(pdftex.def)             Requested size: 460.2653pt x 171.18797pt.
 [77 <C:/Users/Manu/Desktop/Manuscrit de these/Images/PageActivities/PresenceQ.
png> <C:/Users/Manu/Desktop/Manuscrit de these/Images/PageActivities/PresenceH.
png>] [78 <C:/Users/Manu/Desktop/Manuscrit de these/Images/PageActivities/Prese
nceCumulee.png> <C:/Users/Manu/Desktop/Manuscrit de these/Images/PageActivities
/NbTransitions.png> <C:/Users/Manu/Desktop/Manuscrit de these/Images/PageActivi
ties/PremiereArrivee.png>]
[79 <C:/Users/Manu/Desktop/Manuscrit de these/Images/PageActivities/DernierDepa
rt.png>]
Underfull \vbox (badness 10000) has occurred while \output is active []

 [80]
Underfull \vbox (badness 10000) has occurred while \output is active []

 [81]
[82] [83]
<Images/Activites/JeuneActifBernoulli.png, id=1393, 639.13782pt x 547.2947pt>
File: Images/Activites/JeuneActifBernoulli.png Graphic file (type png)

<use Images/Activites/JeuneActifBernoulli.png>
Package pdftex.def Info: Images/Activites/JeuneActifBernoulli.png used on input
 line 656.
(pdftex.def)             Requested size: 242.8749pt x 207.97414pt.

<Images/Activites/RetraiteBernoulli.png, id=1394, 635.37375pt x 543.53062pt>
File: Images/Activites/RetraiteBernoulli.png Graphic file (type png)

<use Images/Activites/RetraiteBernoulli.png>
Package pdftex.def Info: Images/Activites/RetraiteBernoulli.png used on input l
ine 657.
(pdftex.def)             Requested size: 241.44453pt x 206.54378pt.

<Images/Activites/JeuneActifHybride.png, id=1395, 635.37375pt x 548.0475pt>
File: Images/Activites/JeuneActifHybride.png Graphic file (type png)

<use Images/Activites/JeuneActifHybride.png>
Package pdftex.def Info: Images/Activites/JeuneActifHybride.png used on input l
ine 658.
(pdftex.def)             Requested size: 241.44453pt x 208.26021pt.

<Images/Activites/RetraiteHybride.png, id=1396, 638.385pt x 548.0475pt>
File: Images/Activites/RetraiteHybride.png Graphic file (type png)

<use Images/Activites/RetraiteHybride.png>
Package pdftex.def Info: Images/Activites/RetraiteHybride.png used on input lin
e 659.
(pdftex.def)             Requested size: 242.5888pt x 208.26021pt.

Overfull \hbox (37.43246pt too wide) in paragraph at lines 655--661
 [][] 
 []


Underfull \vbox (badness 10000) has occurred while \output is active []

 [84]
<Images/Activites/ActivitesSurUneJournee.png, id=1402, 639.89063pt x 312.41719p
t>
File: Images/Activites/ActivitesSurUneJournee.png Graphic file (type png)
 <use Images/Activites/ActivitesSurUneJournee.png>
Package pdftex.def Info: Images/Activites/ActivitesSurUneJournee.png used on in
put line 667.
(pdftex.def)             Requested size: 447.92038pt x 218.69052pt.
)
Underfull \vbox (badness 10000) has occurred while \output is active []

 [85 <C:/Users/Manu/Desktop/Manuscrit de these/Images/Activites/JeuneActifBerno
ulli.png> <C:/Users/Manu/Desktop/Manuscrit de these/Images/Activites/RetraiteBe
rnoulli.png> <C:/Users/Manu/Desktop/Manuscrit de these/Images/Activites/JeuneAc
tifHybride.png> <C:/Users/Manu/Desktop/Manuscrit de these/Images/Activites/Retr
aiteHybride.png>] [86 <C:/Users/Manu/Desktop/Manuscrit de these/Images/Activite
s/ActivitesSurUneJournee.png>]
("C:\Users\Manu\Desktop\Manuscrit de these\Developpement_de_modeles_Suite.tex"
[87


]

Package frenchb.ldf Warning: Degrees would look better in TS1-encoding: 
(frenchb.ldf)                add \usepackage{textcomp} to the preamble. 
(frenchb.ldf)                Degrees used on input line 49.

<Images/GainsMetPMVPPD/PMVvsPPD.png, id=1455, 909.3975pt x 475.7775pt>
File: Images/GainsMetPMVPPD/PMVvsPPD.png Graphic file (type png)

<use Images/GainsMetPMVPPD/PMVvsPPD.png>
Package pdftex.def Info: Images/GainsMetPMVPPD/PMVvsPPD.png used on input line 
93.
(pdftex.def)             Requested size: 472.88943pt x 247.40572pt.

Overfull \hbox (0.8582pt too wide) in paragraph at lines 93--94
 [][] 
 []

[88] [89 <C:/Users/Manu/Desktop/Manuscrit de these/Images/GainsMetPMVPPD/PMVvsP
PD.png>]
Underfull \vbox (badness 10000) has occurred while \output is active []

 [90]
[91]
Underfull \hbox (badness 10000) in paragraph at lines 134--134
[]|\T1/cmr/m/n/9 Durée cam-
 []


Underfull \hbox (badness 10000) in paragraph at lines 134--134
[]|\T1/cmr/m/n/9 Intervalle de
 []


Underfull \hbox (badness 3460) in paragraph at lines 137--137
[]|\T1/cmr/m/n/9 Warren et Par-
 []


Underfull \hbox (badness 10000) in paragraph at lines 139--139
[]|\T1/cmr/m/n/9 Fritsch et al.
 []


Underfull \hbox (badness 4479) in paragraph at lines 139--139
[]|\T1/cmr/m/n/9 Processus de
 []


Underfull \hbox (badness 10000) in paragraph at lines 141--141
[]|\T1/cmr/m/n/9 Pays eu-
 []


Underfull \hbox (badness 10000) in paragraph at lines 141--141
\T1/cmr/m/n/9 ro-péen et
 []


Underfull \hbox (badness 4479) in paragraph at lines 141--141
[]|\T1/cmr/m/n/9 Nature in-ter-na-tio-nale des
 []


Underfull \hbox (badness 2205) in paragraph at lines 141--142
[]|\T1/cmr/m/n/9 Modèle sta-tique; Va-riable
 []


Underfull \hbox (badness 2818) in paragraph at lines 143--143
[]|\T1/cmr/m/n/9 Considération des mou-ve-
 []


Underfull \hbox (badness 10000) in paragraph at lines 145--145
[]|\T1/cmr/m/n/9 Température opé-ra-tive
 []


Underfull \hbox (badness 10000) in paragraph at lines 147--147
[]|\T1/cmr/m/n/9 Herkel et al.
 []


Underfull \hbox (badness 1789) in paragraph at lines 149--149
[]|\T1/cmr/m/n/9 Haldi et Ro-bin-
 []


Underfull \hbox (badness 10000) in paragraph at lines 149--149
[]|\T1/cmr/m/n/9 Régression
 []


Underfull \hbox (badness 10000) in paragraph at lines 149--149
\T1/cmr/m/n/9 lo-gis-tique +
 []


Underfull \hbox (badness 10000) in paragraph at lines 149--150
[]|\T1/cmr/m/n/9 Angle d'ou-ver-ture non
 []


Underfull \hbox (badness 1852) in paragraph at lines 151--151
[]|\T1/cmr/m/n/9 Schweiker et al.
 []


Underfull \hbox (badness 10000) in paragraph at lines 151--151
[]|\T1/cmr/m/n/9 Bernoulli;
 []


Underfull \hbox (badness 10000) in paragraph at lines 151--151
\T1/cmr/m/n/9 Mar-kov;
 []


Underfull \hbox (badness 1087) in paragraph at lines 153--153
[]|\T1/cmr/m/n/9 Modèle lo-gis-
 []


Underfull \hbox (badness 10000) in paragraph at lines 153--153
[]|\T1/cmr/m/n/9 Étude de l'orien-ta-tion;
 []


Underfull \hbox (badness 2717) in paragraph at lines 153--153
\T1/cmr/m/n/9 Consi-dé-ra-tion des es-paces
 []


Underfull \hbox (badness 3068) in paragraph at lines 155--155
[]|\T1/cmr/m/n/9 Andersen et al.
 []


Underfull \hbox (badness 3690) in paragraph at lines 155--155
[]|\T1/cmr/m/n/9 Statut d'oc-cu-pa-tion (pro-
 []


Underfull \hbox (badness 10000) in paragraph at lines 157--157
[]|\T1/cmr/m/n/9 République
 []

[92

]
Overfull \hbox (56.8725pt too wide) in paragraph at lines 169--202
 [][] 
 []


Underfull \vbox (badness 10000) has occurred while \output is active []

 [93

]
<Images/Fenetre/WeibullTest.png, id=1547, 801.99625pt x 452.69125pt>
File: Images/Fenetre/WeibullTest.png Graphic file (type png)

<use Images/Fenetre/WeibullTest.png>
Package pdftex.def Info: Images/Fenetre/WeibullTest.png used on input line 263.

(pdftex.def)             Requested size: 481.20145pt x 271.61684pt.

Overfull \hbox (9.17021pt too wide) in paragraph at lines 263--264
 [][] 
 []


Underfull \vbox (badness 10000) has occurred while \output is active []

 [94]
[95 <C:/Users/Manu/Desktop/Manuscrit de these/Images/Fenetre/WeibullTest.png>]
[96]
Underfull \vbox (badness 10000) has occurred while \output is active []

 [97]
[98] [99] <Images/PACTEECS.png, id=1614, 489.32813pt x 432.86719pt>
File: Images/PACTEECS.png Graphic file (type png)

<use Images/PACTEECS.png>
Package pdftex.def Info: Images/PACTEECS.png used on input line 456.
(pdftex.def)             Requested size: 391.46303pt x 346.2942pt.

Underfull \vbox (badness 10000) has occurred while \output is active []

 [100]
<Images/Foisonnement_ECS.png, id=1622, 517.935pt x 292.09125pt>
File: Images/Foisonnement_ECS.png Graphic file (type png)

<use Images/Foisonnement_ECS.png>
Package pdftex.def Info: Images/Foisonnement_ECS.png used on input line 465.
(pdftex.def)             Requested size: 466.13718pt x 262.87967pt.

Underfull \vbox (badness 10000) has occurred while \output is active []

 [101 <C:/Users/Manu/Desktop/Manuscrit de these/Images/PACTEECS.png>]) [102 <C:
/Users/Manu/Desktop/Manuscrit de these/Images/Foisonnement_ECS.png>]
("C:\Users\Manu\Desktop\Manuscrit de these\Analyses_de_sensibilite_sur_batiment
_residentiel.tex" [103



] [104]
Chapitre 6.
) [105

] ("C:\Users\Manu\Desktop\Manuscrit de these\Discussion.tex"
Chapitre 7.
[106



]) [107] ("C:\Users\Manu\Desktop\Manuscrit de these\These.bbl" [108


]
[109] [110] [111] [112] [113] [114])
Package atveryend Info: Empty hook `BeforeClearDocument' on input line 70.
 [115]
Package atveryend Info: Empty hook `AfterLastShipout' on input line 70.

("C:\Users\Manu\Desktop\Manuscrit de these\These.aux"
("C:\Users\Manu\Desktop\Manuscrit de these\Introduction.aux")
("C:\Users\Manu\Desktop\Manuscrit de these\Conception_et_construction_des_batim
ents.aux")
("C:\Users\Manu\Desktop\Manuscrit de these\Performance_energetique_theorique_et
_reelle.aux")
("C:\Users\Manu\Desktop\Manuscrit de these\Approches_de_modelisation.aux")
("C:\Users\Manu\Desktop\Manuscrit de these\MASS.aux")
("C:\Users\Manu\Desktop\Manuscrit de these\Developpement_de_modeles.aux")
("C:\Users\Manu\Desktop\Manuscrit de these\Developpement_de_modeles_Suite.aux")

("C:\Users\Manu\Desktop\Manuscrit de these\Analyses_de_sensibilite_sur_batiment
_residentiel.aux") ("C:\Users\Manu\Desktop\Manuscrit de these\Discussion.aux"))
Package atveryend Info: Executing hook `AtVeryEndDocument' on input line 70.
Package atveryend Info: Executing hook `AtEndAfterFileList' on input line 70.
Package rerunfilecheck Info: File `These.out' has not changed.
(rerunfilecheck)             Checksum: 17F38EAACEA9D4FCEA2D69FB4F401DC5;6874.

LaTeX Warning: There were undefined references.

Package atveryend Info: Empty hook `AtVeryVeryEnd' on input line 70.
 ) 
Here is how much of TeX's memory you used:
 9203 strings out of 493921
 134367 string characters out of 3144880
 256114 words of memory out of 3000000
 11792 multiletter control sequences out of 15000+200000
 24531 words of font info for 55 fonts, out of 3000000 for 9000
 841 hyphenation exceptions out of 8191
 34i,14n,43p,2271b,543s stack positions out of 5000i,500n,10000p,200000b,50000s
 <C:\Users\Manu\AppData\Local\MiKTeX\2.9\fonts\pk\ljfour\jknappen\ec\dpi600\e
ctt1095.pk> <C:\Users\Manu\AppData\Local\MiKTeX\2.9\fonts\pk\ljfour\jknappen\ec
\dpi600\ecbi1200.pk> <C:\Users\Manu\AppData\Local\MiKTeX\2.9\fonts\pk\ljfour\jk
nappen\ec\dpi600\ecti0900.pk> <C:\Users\Manu\AppData\Local\MiKTeX\2.9\fonts\pk\
ljfour\jknappen\ec\dpi600\ecbx0900.pk> <C:\Users\Manu\AppData\Local\MiKTeX\2.9\
fonts\pk\ljfour\jknappen\ec\dpi600\eccc1095.pk> <C:\Users\Manu\AppData\Local\Mi
KTeX\2.9\fonts\pk\ljfour\jknappen\ec\dpi600\ecbx2074.pk> <C:\Users\Manu\AppData
\Local\MiKTeX\2.9\fonts\pk\ljfour\jknappen\ec\dpi600\ectt0900.pk> <C:\Users\Man
u\AppData\Local\MiKTeX\2.9\fonts\pk\ljfour\jknappen\ec\dpi600\ecrm0900.pk> <C:\
Users\Manu\AppData\Local\MiKTeX\2.9\fonts\pk\ljfour\jknappen\ec\dpi600\ecrm0800
.pk> <C:\Users\Manu\AppData\Local\MiKTeX\2.9\fonts\pk\ljfour\jknappen\ec\dpi600
\ecbx1440.pk> <C:\Users\Manu\AppData\Local\MiKTeX\2.9\fonts\pk\ljfour\jknappen\
ec\dpi600\ecti1095.pk> <C:\Users\Manu\AppData\Local\MiKTeX\2.9\fonts\pk\ljfour\
jknappen\ec\dpi600\ecsl1095.pk> <C:\Users\Manu\AppData\Local\MiKTeX\2.9\fonts\p
k\ljfour\jknappen\ec\dpi600\ecrm1095.pk> <C:\Users\Manu\AppData\Local\MiKTeX\2.
9\fonts\pk\ljfour\jknappen\ec\dpi600\ecbx1200.pk> <C:\Users\Manu\AppData\Local\
MiKTeX\2.9\fonts\pk\ljfour\jknappen\ec\dpi600\ecbx1095.pk> <C:\Users\Manu\AppDa
ta\Local\MiKTeX\2.9\fonts\pk\ljfour\jknappen\ec\dpi600\ecbx2488.pk> <C:\Users\M
anu\AppData\Local\MiKTeX\2.9\fonts\pk\ljfour\jknappen\ec\dpi600\ecrm1200.pk> <C
:\Users\Manu\AppData\Local\MiKTeX\2.9\fonts\pk\ljfour\jknappen\ec\dpi600\ecrm10
00.pk> <C:\Users\Manu\AppData\Local\MiKTeX\2.9\fonts\pk\ljfour\jknappen\ec\dpi6
00\ecrm1728.pk><C:/Program Files (x86)/MiKTeX 2.9/fonts/type1/public/amsfonts/c
m/cmex10.pfb><C:/Program Files (x86)/MiKTeX 2.9/fonts/type1/public/amsfonts/cm/
cmmi10.pfb><C:/Program Files (x86)/MiKTeX 2.9/fonts/type1/public/amsfonts/cm/cm
mi5.pfb><C:/Program Files (x86)/MiKTeX 2.9/fonts/type1/public/amsfonts/cm/cmmi6
.pfb><C:/Program Files (x86)/MiKTeX 2.9/fonts/type1/public/amsfonts/cm/cmmi8.pf
b><C:/Program Files (x86)/MiKTeX 2.9/fonts/type1/public/amsfonts/cm/cmmi9.pfb><
C:/Program Files (x86)/MiKTeX 2.9/fonts/type1/public/amsfonts/cm/cmr10.pfb><C:/
Program Files (x86)/MiKTeX 2.9/fonts/type1/public/amsfonts/cm/cmr6.pfb><C:/Prog
ram Files (x86)/MiKTeX 2.9/fonts/type1/public/amsfonts/cm/cmr8.pfb><C:/Program 
Files (x86)/MiKTeX 2.9/fonts/type1/public/amsfonts/cm/cmr9.pfb><C:/Program File
s (x86)/MiKTeX 2.9/fonts/type1/public/amsfonts/cm/cmsy10.pfb><C:/Program Files 
(x86)/MiKTeX 2.9/fonts/type1/public/amsfonts/cm/cmsy6.pfb><C:/Program Files (x8
6)/MiKTeX 2.9/fonts/type1/public/amsfonts/cm/cmsy8.pfb><C:/Program Files (x86)/
MiKTeX 2.9/fonts/type1/public/amsfonts/cm/cmsy9.pfb><C:/Program Files (x86)/MiK
TeX 2.9/fonts/type1/public/eurosym/feymr10.pfb>
Output written on These.pdf (115 pages, 2125059 bytes).
PDF statistics:
 2648 PDF objects out of 2984 (max. 8388607)
 453 named destinations out of 1000 (max. 500000)
 889 words of extra memory for PDF output out of 10000 (max. 10000000)

